P5 Printout for CS 3410
----------------------------------
Trace  		trace.2t.long.txt
Instruction Limit 	none
 *** Cache Configuration *** 
capacity   		65536 B
block_size 		    8 B
associativity 		4-way
n_set 			2048
n_cache_line 	8192
tag: 18, index: 11, offset: 3
Coherence Protocol: 	vi
lru_on_invalidate_f: 	false
Processing trace...
2 1
Processed 500000 lines.
    *** Results for Core 0 ***
0.n_cpu_accesses 	250001
0.n_loads 		192500
0.n_stores 		57501
0.n_hits 		193385
0.n_misses 		56616
0.hit_rate 		77.35
0.miss_rate 		22.65
0.n_upgrade_miss 	0
0.n_bus_snoops 	80154
0.n_snoop_hits 	3952
0.n_writebacks 	51617
Memory Traffic:
0.B_written_bus_to_cache 	452928
0.B_written_cache_to_bus_wb 	412936
0.B_written_cache_to_bus_wt 	0
0.B_total_traffic_wb 	865864
0.B_total_traffic_wt 	0
    *** Results for Core 1 ***
1.n_cpu_accesses 	249999
1.n_loads 		166714
1.n_stores 		83285
1.n_hits 		169845
1.n_misses 		80154
1.hit_rate 		67.94
1.miss_rate 		32.06
1.n_upgrade_miss 	0
1.n_bus_snoops 	56616
1.n_snoop_hits 	4017
1.n_writebacks 	57092
Memory Traffic:
1.B_written_bus_to_cache 	641232
1.B_written_cache_to_bus_wb 	456736
1.B_written_cache_to_bus_wt 	0
1.B_total_traffic_wb 	1097968
1.B_total_traffic_wt 	0
