P5 Printout for CS 3410
----------------------------------
Trace  		trace.2t.long.txt
Instruction Limit 	none
 *** Cache Configuration *** 
capacity   		65536 B
block_size 		 4096 B
associativity 		4-way
n_set 			4
n_cache_line 	16
tag: 18, index: 2, offset: 12
Coherence Protocol: 	vi
lru_on_invalidate_f: 	false
Processing trace...
2 1
Processed 500000 lines.
    *** Results for Core 0 ***
0.n_cpu_accesses 	250001
0.n_loads 		192500
0.n_stores 		57501
0.n_hits 		220788
0.n_misses 		29213
0.hit_rate 		88.31
0.miss_rate 		11.69
0.n_upgrade_miss 	0
0.n_bus_snoops 	23811
0.n_snoop_hits 	3025
0.n_writebacks 	11924
Memory Traffic:
0.B_written_bus_to_cache 	119656448
0.B_written_cache_to_bus_wb 	48840704
0.B_written_cache_to_bus_wt 	0
0.B_total_traffic_wb 	168497152
0.B_total_traffic_wt 	0
    *** Results for Core 1 ***
1.n_cpu_accesses 	249999
1.n_loads 		166714
1.n_stores 		83285
1.n_hits 		226188
1.n_misses 		23811
1.hit_rate 		90.48
1.miss_rate 		9.52
1.n_upgrade_miss 	0
1.n_bus_snoops 	29213
1.n_snoop_hits 	3117
1.n_writebacks 	14439
Memory Traffic:
1.B_written_bus_to_cache 	97529856
1.B_written_cache_to_bus_wb 	59142144
1.B_written_cache_to_bus_wt 	0
1.B_total_traffic_wb 	156672000
1.B_total_traffic_wt 	0
