P5 Printout for CS 3410
----------------------------------
Trace  		trace.2t.long.txt
Instruction Limit 	none
 *** Cache Configuration *** 
capacity   		65536 B
block_size 		 2048 B
associativity 		4-way
n_set 			8
n_cache_line 	32
tag: 18, index: 3, offset: 11
Coherence Protocol: 	msi
lru_on_invalidate_f: 	false
Processing trace...
2 2
Processed 500000 lines.
    *** Results for Core 0 ***
0.n_cpu_accesses 	250001
0.n_loads 		192500
0.n_stores 		57501
0.n_hits 		228165
0.n_misses 		21836
0.hit_rate 		91.27
0.miss_rate 		8.73
0.n_upgrade_miss 	1728
0.n_bus_snoops 	19557
0.n_snoop_hits 	2412
0.n_writebacks 	4266
Memory Traffic:
0.B_written_bus_to_cache 	41181184
0.B_written_cache_to_bus_wb 	8736768
0.B_written_cache_to_bus_wt 	0
0.B_total_traffic_wb 	49917952
0.B_total_traffic_wt 	0
    *** Results for Core 1 ***
1.n_cpu_accesses 	249999
1.n_loads 		166714
1.n_stores 		83285
1.n_hits 		230442
1.n_misses 		19557
1.hit_rate 		92.18
1.miss_rate 		7.82
1.n_upgrade_miss 	2171
1.n_bus_snoops 	21836
1.n_snoop_hits 	2472
1.n_writebacks 	4762
Memory Traffic:
1.B_written_bus_to_cache 	35606528
1.B_written_cache_to_bus_wb 	9752576
1.B_written_cache_to_bus_wt 	0
1.B_total_traffic_wb 	45359104
1.B_total_traffic_wt 	0
