P5 Printout for CS 3410
----------------------------------
Trace  		trace.2t.long.txt
Instruction Limit 	none
 *** Cache Configuration *** 
capacity   		65536 B
block_size 		16384 B
associativity 		fully
n_set 			1
n_cache_line 	4
tag: 18, index: 0, offset: 14
Coherence Protocol: 	msi
lru_on_invalidate_f: 	false
Processing trace...
2 2
Processed 500000 lines.
    *** Results for Core 0 ***
0.n_cpu_accesses 	250001
0.n_loads 		192500
0.n_stores 		57501
0.n_hits 		197904
0.n_misses 		52097
0.hit_rate 		79.16
0.miss_rate 		20.84
0.n_upgrade_miss 	5850
0.n_bus_snoops 	44745
0.n_snoop_hits 	1712
0.n_writebacks 	15110
Memory Traffic:
0.B_written_bus_to_cache 	757710848
0.B_written_cache_to_bus_wb 	247562240
0.B_written_cache_to_bus_wt 	0
0.B_total_traffic_wb 	1005273088
0.B_total_traffic_wt 	0
    *** Results for Core 1 ***
1.n_cpu_accesses 	249999
1.n_loads 		166714
1.n_stores 		83285
1.n_hits 		205254
1.n_misses 		44745
1.hit_rate 		82.10
1.miss_rate 		17.90
1.n_upgrade_miss 	6220
1.n_bus_snoops 	52097
1.n_snoop_hits 	2044
1.n_writebacks 	13680
Memory Traffic:
1.B_written_bus_to_cache 	631193600
1.B_written_cache_to_bus_wb 	224133120
1.B_written_cache_to_bus_wt 	0
1.B_total_traffic_wb 	855326720
1.B_total_traffic_wt 	0
