P5 Printout for CS 3410
----------------------------------
Trace  		trace.2t.long.txt
Instruction Limit 	none
 *** Cache Configuration *** 
capacity   		65536 B
block_size 		  128 B
associativity 		4-way
n_set 			128
n_cache_line 	512
tag: 18, index: 7, offset: 7
Coherence Protocol: 	msi
lru_on_invalidate_f: 	false
Processing trace...
2 2
Processed 500000 lines.
    *** Results for Core 0 ***
0.n_cpu_accesses 	250001
0.n_loads 		192500
0.n_stores 		57501
0.n_hits 		237850
0.n_misses 		12151
0.hit_rate 		95.14
0.miss_rate 		4.86
0.n_upgrade_miss 	1753
0.n_bus_snoops 	13466
0.n_snoop_hits 	357
0.n_writebacks 	2544
Memory Traffic:
0.B_written_bus_to_cache 	1555328
0.B_written_cache_to_bus_wb 	325632
0.B_written_cache_to_bus_wt 	0
0.B_total_traffic_wb 	1880960
0.B_total_traffic_wt 	0
    *** Results for Core 1 ***
1.n_cpu_accesses 	249999
1.n_loads 		166714
1.n_stores 		83285
1.n_hits 		236533
1.n_misses 		13466
1.hit_rate 		94.61
1.miss_rate 		5.39
1.n_upgrade_miss 	2717
1.n_bus_snoops 	12151
1.n_snoop_hits 	487
1.n_writebacks 	5164
Memory Traffic:
1.B_written_bus_to_cache 	1723648
1.B_written_cache_to_bus_wb 	660992
1.B_written_cache_to_bus_wt 	0
1.B_total_traffic_wb 	2384640
1.B_total_traffic_wt 	0
