P5 Printout for CS 3410
----------------------------------
Trace  		trace.2t.long.txt
Instruction Limit 	none
 *** Cache Configuration *** 
capacity   		65536 B
block_size 		   16 B
associativity 		4-way
n_set 			1024
n_cache_line 	4096
tag: 18, index: 10, offset: 4
Coherence Protocol: 	msi
lru_on_invalidate_f: 	false
Processing trace...
2 2
Processed 500000 lines.
    *** Results for Core 0 ***
0.n_cpu_accesses 	250001
0.n_loads 		192500
0.n_stores 		57501
0.n_hits 		215099
0.n_misses 		34902
0.hit_rate 		86.04
0.miss_rate 		13.96
0.n_upgrade_miss 	3129
0.n_bus_snoops 	661
0.n_snoop_hits 	661
0.n_writebacks 	9922
Memory Traffic:
0.B_written_bus_to_cache 	508368
0.B_written_cache_to_bus_wb 	158752
0.B_written_cache_to_bus_wt 	0
0.B_total_traffic_wb 	667120
0.B_total_traffic_wt 	0
    *** Results for Core 1 ***
1.n_cpu_accesses 	249999
1.n_loads 		166714
1.n_stores 		83285
1.n_hits 		202360
1.n_misses 		47639
1.hit_rate 		80.94
1.miss_rate 		19.06
1.n_upgrade_miss 	4580
1.n_bus_snoops 	697
1.n_snoop_hits 	697
1.n_writebacks 	19534
Memory Traffic:
1.B_written_bus_to_cache 	688944
1.B_written_cache_to_bus_wb 	312544
1.B_written_cache_to_bus_wt 	0
1.B_total_traffic_wb 	1001488
1.B_total_traffic_wt 	0
