P5 Printout for CS 3410
----------------------------------
Trace  		trace.2t.long.txt
Instruction Limit 	none
 *** Cache Configuration *** 
capacity   		65536 B
block_size 		    8 B
associativity 		4-way
n_set 			2048
n_cache_line 	8192
tag: 18, index: 11, offset: 3
Coherence Protocol: 	msi
lru_on_invalidate_f: 	false
Processing trace...
2 2
Processed 500000 lines.
    *** Results for Core 0 ***
0.n_cpu_accesses 	250001
0.n_loads 		192500
0.n_stores 		57501
0.n_hits 		192921
0.n_misses 		57080
0.hit_rate 		77.17
0.miss_rate 		22.83
0.n_upgrade_miss 	3689
0.n_bus_snoops 	922
0.n_snoop_hits 	922
0.n_writebacks 	17506
Memory Traffic:
0.B_written_bus_to_cache 	427128
0.B_written_cache_to_bus_wb 	140048
0.B_written_cache_to_bus_wt 	0
0.B_total_traffic_wb 	567176
0.B_total_traffic_wt 	0
    *** Results for Core 1 ***
1.n_cpu_accesses 	249999
1.n_loads 		166714
1.n_stores 		83285
1.n_hits 		167660
1.n_misses 		82339
1.hit_rate 		67.06
1.miss_rate 		32.94
1.n_upgrade_miss 	5444
1.n_bus_snoops 	978
1.n_snoop_hits 	978
1.n_writebacks 	34542
Memory Traffic:
1.B_written_bus_to_cache 	615160
1.B_written_cache_to_bus_wb 	276336
1.B_written_cache_to_bus_wt 	0
1.B_total_traffic_wb 	891496
1.B_total_traffic_wt 	0
