P5 Printout for CS 3410
----------------------------------
Trace  		trace.2t.long.txt
Instruction Limit 	none
 *** Cache Configuration *** 
capacity   		65536 B
block_size 		    4 B
associativity 		4-way
n_set 			4096
n_cache_line 	16384
tag: 18, index: 12, offset: 2
Coherence Protocol: 	msi
lru_on_invalidate_f: 	false
Processing trace...
2 2
Processed 500000 lines.
    *** Results for Core 0 ***
0.n_cpu_accesses 	250001
0.n_loads 		192500
0.n_stores 		57501
0.n_hits 		179099
0.n_misses 		70902
0.hit_rate 		71.64
0.miss_rate 		28.36
0.n_upgrade_miss 	3778
0.n_bus_snoops 	78918
0.n_snoop_hits 	920
0.n_writebacks 	19542
Memory Traffic:
0.B_written_bus_to_cache 	283608
0.B_written_cache_to_bus_wb 	78168
0.B_written_cache_to_bus_wt 	0
0.B_total_traffic_wb 	361776
0.B_total_traffic_wt 	0
    *** Results for Core 1 ***
1.n_cpu_accesses 	249999
1.n_loads 		166714
1.n_stores 		83285
1.n_hits 		171081
1.n_misses 		78918
1.hit_rate 		68.43
1.miss_rate 		31.57
1.n_upgrade_miss 	5599
1.n_bus_snoops 	70902
1.n_snoop_hits 	862
1.n_writebacks 	36662
Memory Traffic:
1.B_written_bus_to_cache 	315672
1.B_written_cache_to_bus_wb 	146648
1.B_written_cache_to_bus_wt 	0
1.B_total_traffic_wb 	462320
1.B_total_traffic_wt 	0
