P5 Printout for CS 3410
----------------------------------
Trace  		trace.2t.long.txt
Instruction Limit 	none
 *** Cache Configuration *** 
capacity   		65536 B
block_size 		   16 B
associativity 		4-way
n_set 			1024
n_cache_line 	4096
tag: 18, index: 10, offset: 4
Coherence Protocol: 	msi
lru_on_invalidate_f: 	false
Processing trace...
2 2
Processed 500000 lines.
    *** Results for Core 0 ***
0.n_cpu_accesses 	250001
0.n_loads 		192500
0.n_stores 		57501
0.n_hits 		218314
0.n_misses 		31687
0.hit_rate 		87.33
0.miss_rate 		12.67
0.n_upgrade_miss 	3156
0.n_bus_snoops 	42930
0.n_snoop_hits 	507
0.n_writebacks 	10139
Memory Traffic:
0.B_written_bus_to_cache 	506992
0.B_written_cache_to_bus_wb 	162224
0.B_written_cache_to_bus_wt 	0
0.B_total_traffic_wb 	669216
0.B_total_traffic_wt 	0
    *** Results for Core 1 ***
1.n_cpu_accesses 	249999
1.n_loads 		166714
1.n_stores 		83285
1.n_hits 		207069
1.n_misses 		42930
1.hit_rate 		82.83
1.miss_rate 		17.17
1.n_upgrade_miss 	4636
1.n_bus_snoops 	31687
1.n_snoop_hits 	577
1.n_writebacks 	19834
Memory Traffic:
1.B_written_bus_to_cache 	686880
1.B_written_cache_to_bus_wb 	317344
1.B_written_cache_to_bus_wt 	0
1.B_total_traffic_wb 	1004224
1.B_total_traffic_wt 	0
