P5 Printout for CS 3410
----------------------------------
Trace  		trace.2t.long.txt
Instruction Limit 	none
 *** Cache Configuration *** 
capacity   		65536 B
block_size 		   64 B
associativity 		4-way
n_set 			256
n_cache_line 	1024
tag: 18, index: 8, offset: 6
Coherence Protocol: 	msi
lru_on_invalidate_f: 	false
Processing trace...
2 2
Processed 500000 lines.
    *** Results for Core 0 ***
0.n_cpu_accesses 	250001
0.n_loads 		192500
0.n_stores 		57501
0.n_hits 		249677
0.n_misses 		324
0.hit_rate 		99.87
0.miss_rate 		0.13
0.n_upgrade_miss 	315
0.n_bus_snoops 	404
0.n_snoop_hits 	270
0.n_writebacks 	141
Memory Traffic:
0.B_written_bus_to_cache 	20736
0.B_written_cache_to_bus_wb 	9024
0.B_written_cache_to_bus_wt 	0
0.B_total_traffic_wb 	29760
0.B_total_traffic_wt 	0
    *** Results for Core 1 ***
1.n_cpu_accesses 	249999
1.n_loads 		166714
1.n_stores 		83285
1.n_hits 		249595
1.n_misses 		404
1.hit_rate 		99.84
1.miss_rate 		0.16
1.n_upgrade_miss 	282
1.n_bus_snoops 	324
1.n_snoop_hits 	131
1.n_writebacks 	79
Memory Traffic:
1.B_written_bus_to_cache 	25856
1.B_written_cache_to_bus_wb 	5056
1.B_written_cache_to_bus_wt 	0
1.B_total_traffic_wb 	30912
1.B_total_traffic_wt 	0
