P5 Printout for CS 3410
----------------------------------
Trace  		trace.2t.long.txt
Instruction Limit 	none
 *** Cache Configuration *** 
capacity   		65536 B
block_size 		  256 B
associativity 		4-way
n_set 			64
n_cache_line 	256
tag: 18, index: 6, offset: 8
Coherence Protocol: 	msi
lru_on_invalidate_f: 	false
Processing trace...
2 2
Processed 500000 lines.
    *** Results for Core 0 ***
0.n_cpu_accesses 	250001
0.n_loads 		192500
0.n_stores 		57501
0.n_hits 		249909
0.n_misses 		92
0.hit_rate 		99.96
0.miss_rate 		0.04
0.n_upgrade_miss 	80
0.n_bus_snoops 	92
0.n_snoop_hits 	58
0.n_writebacks 	33
Memory Traffic:
0.B_written_bus_to_cache 	23552
0.B_written_cache_to_bus_wb 	8448
0.B_written_cache_to_bus_wt 	0
0.B_total_traffic_wb 	32000
0.B_total_traffic_wt 	0
    *** Results for Core 1 ***
1.n_cpu_accesses 	249999
1.n_loads 		166714
1.n_stores 		83285
1.n_hits 		249907
1.n_misses 		92
1.hit_rate 		99.96
1.miss_rate 		0.04
1.n_upgrade_miss 	67
1.n_bus_snoops 	92
1.n_snoop_hits 	41
1.n_writebacks 	19
Memory Traffic:
1.B_written_bus_to_cache 	23552
1.B_written_cache_to_bus_wb 	4864
1.B_written_cache_to_bus_wt 	0
1.B_total_traffic_wb 	28416
1.B_total_traffic_wt 	0
