P5 Printout for CS 3410
----------------------------------
Trace  		trace.2t.long.txt
Instruction Limit 	none
 *** Cache Configuration *** 
capacity   		65536 B
block_size 		    8 B
associativity 		4-way
n_set 			2048
n_cache_line 	8192
tag: 18, index: 11, offset: 3
Coherence Protocol: 	msi
lru_on_invalidate_f: 	false
Processing trace...
2 2
Processed 500000 lines.
    *** Results for Core 0 ***
0.n_cpu_accesses 	250001
0.n_loads 		192500
0.n_stores 		57501
0.n_hits 		234595
0.n_misses 		15406
0.hit_rate 		93.84
0.miss_rate 		6.16
0.n_upgrade_miss 	3266
0.n_bus_snoops 	14916
0.n_snoop_hits 	6607
0.n_writebacks 	7169
Memory Traffic:
0.B_written_bus_to_cache 	123248
0.B_written_cache_to_bus_wb 	57352
0.B_written_cache_to_bus_wt 	0
0.B_total_traffic_wb 	180600
0.B_total_traffic_wt 	0
    *** Results for Core 1 ***
1.n_cpu_accesses 	249999
1.n_loads 		166714
1.n_stores 		83285
1.n_hits 		235083
1.n_misses 		14916
1.hit_rate 		94.03
1.miss_rate 		5.97
1.n_upgrade_miss 	3261
1.n_bus_snoops 	15406
1.n_snoop_hits 	6747
1.n_writebacks 	7628
Memory Traffic:
1.B_written_bus_to_cache 	119328
1.B_written_cache_to_bus_wb 	61024
1.B_written_cache_to_bus_wt 	0
1.B_total_traffic_wb 	180352
1.B_total_traffic_wt 	0
