P5 Printout for CS 3410
----------------------------------
Trace  		trace.2t.long.txt
Instruction Limit 	none
 *** Cache Configuration *** 
capacity   		65536 B
block_size 		 4096 B
associativity 		4-way
n_set 			4
n_cache_line 	16
tag: 18, index: 2, offset: 12
Coherence Protocol: 	msi
lru_on_invalidate_f: 	false
Processing trace...
2 2
Processed 500000 lines.
    *** Results for Core 0 ***
0.n_cpu_accesses 	250001
0.n_loads 		192500
0.n_stores 		57501
0.n_hits 		217192
0.n_misses 		32809
0.hit_rate 		86.88
0.miss_rate 		13.12
0.n_upgrade_miss 	3725
0.n_bus_snoops 	26972
0.n_snoop_hits 	970
0.n_writebacks 	9829
Memory Traffic:
0.B_written_bus_to_cache 	134385664
0.B_written_cache_to_bus_wb 	40259584
0.B_written_cache_to_bus_wt 	0
0.B_total_traffic_wb 	174645248
0.B_total_traffic_wt 	0
    *** Results for Core 1 ***
1.n_cpu_accesses 	249999
1.n_loads 		166714
1.n_stores 		83285
1.n_hits 		223027
1.n_misses 		26972
1.hit_rate 		89.21
1.miss_rate 		10.79
1.n_upgrade_miss 	3964
1.n_bus_snoops 	32809
1.n_snoop_hits 	1163
1.n_writebacks 	9561
Memory Traffic:
1.B_written_bus_to_cache 	110477312
1.B_written_cache_to_bus_wb 	39161856
1.B_written_cache_to_bus_wt 	0
1.B_total_traffic_wb 	149639168
1.B_total_traffic_wt 	0
