P5 Printout for CS 3410
----------------------------------
Trace  		trace.2t.long.txt
Instruction Limit 	none
 *** Cache Configuration *** 
capacity   		65536 B
block_size 		16384 B
associativity 		fully
n_set 			1
n_cache_line 	4
tag: 18, index: 0, offset: 14
Coherence Protocol: 	msi
lru_on_invalidate_f: 	false
Processing trace...
2 2
Processed 500000 lines.
    *** Results for Core 0 ***
0.n_cpu_accesses 	250001
0.n_loads 		192500
0.n_stores 		57501
0.n_hits 		190479
0.n_misses 		59522
0.hit_rate 		76.19
0.miss_rate 		23.81
0.n_upgrade_miss 	5936
0.n_bus_snoops 	53604
0.n_snoop_hits 	1006
0.n_writebacks 	19432
Memory Traffic:
0.B_written_bus_to_cache 	975208448
0.B_written_cache_to_bus_wb 	318373888
0.B_written_cache_to_bus_wt 	0
0.B_total_traffic_wb 	1293582336
0.B_total_traffic_wt 	0
    *** Results for Core 1 ***
1.n_cpu_accesses 	249999
1.n_loads 		166714
1.n_stores 		83285
1.n_hits 		196395
1.n_misses 		53604
1.hit_rate 		78.56
1.miss_rate 		21.44
1.n_upgrade_miss 	7211
1.n_bus_snoops 	59522
1.n_snoop_hits 	1063
1.n_writebacks 	20522
Memory Traffic:
1.B_written_bus_to_cache 	878247936
1.B_written_cache_to_bus_wb 	336232448
1.B_written_cache_to_bus_wt 	0
1.B_total_traffic_wb 	1214480384
1.B_total_traffic_wt 	0
