P5 Printout for CS 3410
----------------------------------
Trace  		trace.2t.long.txt
Instruction Limit 	none
 *** Cache Configuration *** 
capacity   		65536 B
block_size 		  256 B
associativity 		4-way
n_set 			64
n_cache_line 	256
tag: 18, index: 6, offset: 8
Coherence Protocol: 	msi
lru_on_invalidate_f: 	false
Processing trace...
2 2
Processed 500000 lines.
    *** Results for Core 0 ***
0.n_cpu_accesses 	250001
0.n_loads 		192500
0.n_stores 		57501
0.n_hits 		238194
0.n_misses 		11807
0.hit_rate 		95.28
0.miss_rate 		4.72
0.n_upgrade_miss 	1374
0.n_bus_snoops 	12305
0.n_snoop_hits 	318
0.n_writebacks 	2462
Memory Traffic:
0.B_written_bus_to_cache 	3022592
0.B_written_cache_to_bus_wb 	630272
0.B_written_cache_to_bus_wt 	0
0.B_total_traffic_wb 	3652864
0.B_total_traffic_wt 	0
    *** Results for Core 1 ***
1.n_cpu_accesses 	249999
1.n_loads 		166714
1.n_stores 		83285
1.n_hits 		237694
1.n_misses 		12305
1.hit_rate 		95.08
1.miss_rate 		4.92
1.n_upgrade_miss 	2244
1.n_bus_snoops 	11807
1.n_snoop_hits 	286
1.n_writebacks 	4295
Memory Traffic:
1.B_written_bus_to_cache 	3150080
1.B_written_cache_to_bus_wb 	1099520
1.B_written_cache_to_bus_wt 	0
1.B_total_traffic_wb 	4249600
1.B_total_traffic_wt 	0
