P5 Printout for CS 3410
----------------------------------
Trace  		trace.2t.long.txt
Instruction Limit 	none
 *** Cache Configuration *** 
capacity   		65536 B
block_size 		   16 B
associativity 		4-way
n_set 			1024
n_cache_line 	4096
tag: 18, index: 10, offset: 4
Coherence Protocol: 	msi
lru_on_invalidate_f: 	false
Processing trace...
2 2
Processed 500000 lines.
    *** Results for Core 0 ***
0.n_cpu_accesses 	250001
0.n_loads 		192500
0.n_stores 		57501
0.n_hits 		216996
0.n_misses 		33005
0.hit_rate 		86.80
0.miss_rate 		13.20
0.n_upgrade_miss 	3206
0.n_bus_snoops 	45308
0.n_snoop_hits 	292
0.n_writebacks 	10961
Memory Traffic:
0.B_written_bus_to_cache 	528080
0.B_written_cache_to_bus_wb 	175376
0.B_written_cache_to_bus_wt 	0
0.B_total_traffic_wb 	703456
0.B_total_traffic_wt 	0
    *** Results for Core 1 ***
1.n_cpu_accesses 	249999
1.n_loads 		166714
1.n_stores 		83285
1.n_hits 		204691
1.n_misses 		45308
1.hit_rate 		81.88
1.miss_rate 		18.12
1.n_upgrade_miss 	4839
1.n_bus_snoops 	33005
1.n_snoop_hits 	289
1.n_writebacks 	21791
Memory Traffic:
1.B_written_bus_to_cache 	724928
1.B_written_cache_to_bus_wb 	348656
1.B_written_cache_to_bus_wt 	0
1.B_total_traffic_wb 	1073584
1.B_total_traffic_wt 	0
