P5 Printout for CS 3410
----------------------------------
Trace  		trace.2t.long.txt
Instruction Limit 	none
 *** Cache Configuration *** 
capacity   		65536 B
block_size 		 8192 B
associativity 		4-way
n_set 			2
n_cache_line 	8
tag: 18, index: 1, offset: 13
Coherence Protocol: 	msi
lru_on_invalidate_f: 	false
Processing trace...
2 2
Processed 500000 lines.
    *** Results for Core 0 ***
0.n_cpu_accesses 	250001
0.n_loads 		192500
0.n_stores 		57501
0.n_hits 		206817
0.n_misses 		43184
0.hit_rate 		82.73
0.miss_rate 		17.27
0.n_upgrade_miss 	5183
0.n_bus_snoops 	37338
0.n_snoop_hits 	1191
0.n_writebacks 	14280
Memory Traffic:
0.B_written_bus_to_cache 	353763328
0.B_written_cache_to_bus_wb 	116981760
0.B_written_cache_to_bus_wt 	0
0.B_total_traffic_wb 	470745088
0.B_total_traffic_wt 	0
    *** Results for Core 1 ***
1.n_cpu_accesses 	249999
1.n_loads 		166714
1.n_stores 		83285
1.n_hits 		212661
1.n_misses 		37338
1.hit_rate 		85.06
1.miss_rate 		14.94
1.n_upgrade_miss 	5939
1.n_bus_snoops 	43184
1.n_snoop_hits 	925
1.n_writebacks 	14209
Memory Traffic:
1.B_written_bus_to_cache 	305872896
1.B_written_cache_to_bus_wb 	116400128
1.B_written_cache_to_bus_wt 	0
1.B_total_traffic_wb 	422273024
1.B_total_traffic_wt 	0
