P5 Printout for CS 3410
----------------------------------
Trace  		trace.2t.long.txt
Instruction Limit 	none
 *** Cache Configuration *** 
capacity   		65536 B
block_size 		   32 B
associativity 		4-way
n_set 			512
n_cache_line 	2048
tag: 18, index: 9, offset: 5
Coherence Protocol: 	msi
lru_on_invalidate_f: 	false
Processing trace...
2 2
Processed 500000 lines.
    *** Results for Core 0 ***
0.n_cpu_accesses 	250001
0.n_loads 		192500
0.n_stores 		57501
0.n_hits 		227754
0.n_misses 		22247
0.hit_rate 		91.10
0.miss_rate 		8.90
0.n_upgrade_miss 	2896
0.n_bus_snoops 	28030
0.n_snoop_hits 	285
0.n_writebacks 	6470
Memory Traffic:
0.B_written_bus_to_cache 	711904
0.B_written_cache_to_bus_wb 	207040
0.B_written_cache_to_bus_wt 	0
0.B_total_traffic_wb 	918944
0.B_total_traffic_wt 	0
    *** Results for Core 1 ***
1.n_cpu_accesses 	249999
1.n_loads 		166714
1.n_stores 		83285
1.n_hits 		221969
1.n_misses 		28030
1.hit_rate 		88.79
1.miss_rate 		11.21
1.n_upgrade_miss 	4389
1.n_bus_snoops 	22247
1.n_snoop_hits 	260
1.n_writebacks 	12347
Memory Traffic:
1.B_written_bus_to_cache 	896960
1.B_written_cache_to_bus_wb 	395104
1.B_written_cache_to_bus_wt 	0
1.B_total_traffic_wb 	1292064
1.B_total_traffic_wt 	0
