P5 Printout for CS 3410
----------------------------------
Trace  		trace.2t.long.txt
Instruction Limit 	none
 *** Cache Configuration *** 
capacity   		65536 B
block_size 		 1024 B
associativity 		4-way
n_set 			16
n_cache_line 	64
tag: 18, index: 4, offset: 10
Coherence Protocol: 	vi
lru_on_invalidate_f: 	false
Processing trace...
2 1
Processed 500000 lines.
    *** Results for Core 0 ***
0.n_cpu_accesses 	250001
0.n_loads 		192500
0.n_stores 		57501
0.n_hits 		235221
0.n_misses 		14780
0.hit_rate 		94.09
0.miss_rate 		5.91
0.n_upgrade_miss 	0
0.n_bus_snoops 	14287
0.n_snoop_hits 	3232
0.n_writebacks 	4239
Memory Traffic:
0.B_written_bus_to_cache 	15134720
0.B_written_cache_to_bus_wb 	4340736
0.B_written_cache_to_bus_wt 	0
0.B_total_traffic_wb 	19475456
0.B_total_traffic_wt 	0
    *** Results for Core 1 ***
1.n_cpu_accesses 	249999
1.n_loads 		166714
1.n_stores 		83285
1.n_hits 		235712
1.n_misses 		14287
1.hit_rate 		94.29
1.miss_rate 		5.71
1.n_upgrade_miss 	0
1.n_bus_snoops 	14780
1.n_snoop_hits 	3262
1.n_writebacks 	6371
Memory Traffic:
1.B_written_bus_to_cache 	14629888
1.B_written_cache_to_bus_wb 	6523904
1.B_written_cache_to_bus_wt 	0
1.B_total_traffic_wb 	21153792
1.B_total_traffic_wt 	0
