P5 Printout for CS 3410
----------------------------------
Trace  		trace.2t.long.txt
Instruction Limit 	none
 *** Cache Configuration *** 
capacity   		65536 B
block_size 		  256 B
associativity 		4-way
n_set 			64
n_cache_line 	256
tag: 18, index: 6, offset: 8
Coherence Protocol: 	msi
lru_on_invalidate_f: 	false
Processing trace...
2 2
Processed 500000 lines.
    *** Results for Core 0 ***
0.n_cpu_accesses 	250001
0.n_loads 		192500
0.n_stores 		57501
0.n_hits 		235989
0.n_misses 		14012
0.hit_rate 		94.40
0.miss_rate 		5.60
0.n_upgrade_miss 	1386
0.n_bus_snoops 	15174
0.n_snoop_hits 	2922
0.n_writebacks 	4671
Memory Traffic:
0.B_written_bus_to_cache 	3232256
0.B_written_cache_to_bus_wb 	1195776
0.B_written_cache_to_bus_wt 	0
0.B_total_traffic_wb 	4428032
0.B_total_traffic_wt 	0
    *** Results for Core 1 ***
1.n_cpu_accesses 	249999
1.n_loads 		166714
1.n_stores 		83285
1.n_hits 		234825
1.n_misses 		15174
1.hit_rate 		93.93
1.miss_rate 		6.07
1.n_upgrade_miss 	2242
1.n_bus_snoops 	14012
1.n_snoop_hits 	2283
1.n_writebacks 	5804
Memory Traffic:
1.B_written_bus_to_cache 	3310592
1.B_written_cache_to_bus_wb 	1485824
1.B_written_cache_to_bus_wt 	0
1.B_total_traffic_wb 	4796416
1.B_total_traffic_wt 	0
