P5 Printout for CS 3410
----------------------------------
Trace  		trace.2t.long.txt
Instruction Limit 	none
 *** Cache Configuration *** 
capacity   		65536 B
block_size 		    8 B
associativity 		4-way
n_set 			2048
n_cache_line 	8192
tag: 18, index: 11, offset: 3
Coherence Protocol: 	msi
lru_on_invalidate_f: 	false
Processing trace...
2 2
Processed 500000 lines.
    *** Results for Core 0 ***
0.n_cpu_accesses 	250001
0.n_loads 		192500
0.n_stores 		57501
0.n_hits 		179288
0.n_misses 		70713
0.hit_rate 		71.71
0.miss_rate 		28.29
0.n_upgrade_miss 	3641
0.n_bus_snoops 	98051
0.n_snoop_hits 	12547
0.n_writebacks 	26982
Memory Traffic:
0.B_written_bus_to_cache 	536576
0.B_written_cache_to_bus_wb 	215856
0.B_written_cache_to_bus_wt 	0
0.B_total_traffic_wb 	752432
0.B_total_traffic_wt 	0
    *** Results for Core 1 ***
1.n_cpu_accesses 	249999
1.n_loads 		166714
1.n_stores 		83285
1.n_hits 		151948
1.n_misses 		98051
1.hit_rate 		60.78
1.miss_rate 		39.22
1.n_upgrade_miss 	5671
1.n_bus_snoops 	70713
1.n_snoop_hits 	11667
1.n_writebacks 	46779
Memory Traffic:
1.B_written_bus_to_cache 	739040
1.B_written_cache_to_bus_wb 	374232
1.B_written_cache_to_bus_wt 	0
1.B_total_traffic_wb 	1113272
1.B_total_traffic_wt 	0
