P5 Printout for CS 3410
----------------------------------
Trace  		trace.2t.long.txt
Instruction Limit 	none
 *** Cache Configuration *** 
capacity   		65536 B
block_size 		   16 B
associativity 		4-way
n_set 			1024
n_cache_line 	4096
tag: 18, index: 10, offset: 4
Coherence Protocol: 	msi
lru_on_invalidate_f: 	false
Processing trace...
2 2
Processed 500000 lines.
    *** Results for Core 0 ***
0.n_cpu_accesses 	250001
0.n_loads 		192500
0.n_stores 		57501
0.n_hits 		207223
0.n_misses 		42778
0.hit_rate 		82.89
0.miss_rate 		17.11
0.n_upgrade_miss 	3087
0.n_bus_snoops 	62114
0.n_snoop_hits 	13306
0.n_writebacks 	18245
Memory Traffic:
0.B_written_bus_to_cache 	635056
0.B_written_cache_to_bus_wb 	291920
0.B_written_cache_to_bus_wt 	0
0.B_total_traffic_wb 	926976
0.B_total_traffic_wt 	0
    *** Results for Core 1 ***
1.n_cpu_accesses 	249999
1.n_loads 		166714
1.n_stores 		83285
1.n_hits 		187885
1.n_misses 		62114
1.hit_rate 		75.15
1.miss_rate 		24.85
1.n_upgrade_miss 	4670
1.n_bus_snoops 	42778
1.n_snoop_hits 	7457
1.n_writebacks 	26433
Memory Traffic:
1.B_written_bus_to_cache 	919104
1.B_written_cache_to_bus_wb 	422928
1.B_written_cache_to_bus_wt 	0
1.B_total_traffic_wb 	1342032
1.B_total_traffic_wt 	0
