P5 Printout for CS 3410
----------------------------------
Trace  		trace.2t.long.txt
Instruction Limit 	none
 *** Cache Configuration *** 
capacity   		65536 B
block_size 		  128 B
associativity 		4-way
n_set 			128
n_cache_line 	512
tag: 18, index: 7, offset: 7
Coherence Protocol: 	msi
lru_on_invalidate_f: 	false
Processing trace...
2 2
Processed 500000 lines.
    *** Results for Core 0 ***
0.n_cpu_accesses 	250001
0.n_loads 		192500
0.n_stores 		57501
0.n_hits 		229963
0.n_misses 		20038
0.hit_rate 		91.98
0.miss_rate 		8.02
0.n_upgrade_miss 	1779
0.n_bus_snoops 	24085
0.n_snoop_hits 	7924
0.n_writebacks 	7792
Memory Traffic:
0.B_written_bus_to_cache 	2337152
0.B_written_cache_to_bus_wb 	997376
0.B_written_cache_to_bus_wt 	0
0.B_total_traffic_wb 	3334528
0.B_total_traffic_wt 	0
    *** Results for Core 1 ***
1.n_cpu_accesses 	249999
1.n_loads 		166714
1.n_stores 		83285
1.n_hits 		225914
1.n_misses 		24085
1.hit_rate 		90.37
1.miss_rate 		9.63
1.n_upgrade_miss 	2825
1.n_bus_snoops 	20038
1.n_snoop_hits 	5831
1.n_writebacks 	9081
Memory Traffic:
1.B_written_bus_to_cache 	2721280
1.B_written_cache_to_bus_wb 	1162368
1.B_written_cache_to_bus_wt 	0
1.B_total_traffic_wb 	3883648
1.B_total_traffic_wt 	0
