P5 Printout for CS 3410
----------------------------------
Trace  		trace.2t.long.txt
Instruction Limit 	none
 *** Cache Configuration *** 
capacity   		65536 B
block_size 		    4 B
associativity 		4-way
n_set 			4096
n_cache_line 	16384
tag: 18, index: 12, offset: 2
Coherence Protocol: 	msi
lru_on_invalidate_f: 	false
Processing trace...
2 2
Processed 500000 lines.
    *** Results for Core 0 ***
0.n_cpu_accesses 	250001
0.n_loads 		192500
0.n_stores 		57501
0.n_hits 		167091
0.n_misses 		82910
0.hit_rate 		66.84
0.miss_rate 		33.16
0.n_upgrade_miss 	3695
0.n_bus_snoops 	96763
0.n_snoop_hits 	10348
0.n_writebacks 	27183
Memory Traffic:
0.B_written_bus_to_cache 	316860
0.B_written_cache_to_bus_wb 	108732
0.B_written_cache_to_bus_wt 	0
0.B_total_traffic_wb 	425592
0.B_total_traffic_wt 	0
    *** Results for Core 1 ***
1.n_cpu_accesses 	249999
1.n_loads 		166714
1.n_stores 		83285
1.n_hits 		153236
1.n_misses 		96763
1.hit_rate 		61.29
1.miss_rate 		38.71
1.n_upgrade_miss 	5727
1.n_bus_snoops 	82910
1.n_snoop_hits 	6995
1.n_writebacks 	45966
Memory Traffic:
1.B_written_bus_to_cache 	364144
1.B_written_cache_to_bus_wb 	183864
1.B_written_cache_to_bus_wt 	0
1.B_total_traffic_wb 	548008
1.B_total_traffic_wt 	0
