P5 Printout for CS 3410
----------------------------------
Trace  		trace.2t.long.txt
Instruction Limit 	none
 *** Cache Configuration *** 
capacity   		65536 B
block_size 		 8192 B
associativity 		4-way
n_set 			2
n_cache_line 	8
tag: 18, index: 1, offset: 13
Coherence Protocol: 	msi
lru_on_invalidate_f: 	false
Processing trace...
2 2
Processed 500000 lines.
    *** Results for Core 0 ***
0.n_cpu_accesses 	250001
0.n_loads 		192500
0.n_stores 		57501
0.n_hits 		199277
0.n_misses 		50724
0.hit_rate 		79.71
0.miss_rate 		20.29
0.n_upgrade_miss 	5188
0.n_bus_snoops 	45561
0.n_snoop_hits 	8096
0.n_writebacks 	20847
Memory Traffic:
0.B_written_bus_to_cache 	373030912
0.B_written_cache_to_bus_wb 	170778624
0.B_written_cache_to_bus_wt 	0
0.B_total_traffic_wb 	543809536
0.B_total_traffic_wt 	0
    *** Results for Core 1 ***
1.n_cpu_accesses 	249999
1.n_loads 		166714
1.n_stores 		83285
1.n_hits 		204438
1.n_misses 		45561
1.hit_rate 		81.78
1.miss_rate 		18.22
1.n_upgrade_miss 	5989
1.n_bus_snoops 	50724
1.n_snoop_hits 	7401
1.n_writebacks 	20538
Memory Traffic:
1.B_written_bus_to_cache 	324173824
1.B_written_cache_to_bus_wb 	168247296
1.B_written_cache_to_bus_wt 	0
1.B_total_traffic_wb 	492421120
1.B_total_traffic_wt 	0
