P5 Printout for CS 3410
----------------------------------
Trace  		trace.2t.long.txt
Instruction Limit 	none
 *** Cache Configuration *** 
capacity   		65536 B
block_size 		 2048 B
associativity 		4-way
n_set 			8
n_cache_line 	32
tag: 18, index: 3, offset: 11
Coherence Protocol: 	msi
lru_on_invalidate_f: 	false
Processing trace...
2 2
Processed 500000 lines.
    *** Results for Core 0 ***
0.n_cpu_accesses 	250001
0.n_loads 		192500
0.n_stores 		57501
0.n_hits 		221510
0.n_misses 		28491
0.hit_rate 		88.60
0.miss_rate 		11.40
0.n_upgrade_miss 	2001
0.n_bus_snoops 	27085
0.n_snoop_hits 	6165
0.n_writebacks 	9865
Memory Traffic:
0.B_written_bus_to_cache 	54251520
0.B_written_cache_to_bus_wb 	20203520
0.B_written_cache_to_bus_wt 	0
0.B_total_traffic_wb 	74455040
0.B_total_traffic_wt 	0
    *** Results for Core 1 ***
1.n_cpu_accesses 	249999
1.n_loads 		166714
1.n_stores 		83285
1.n_hits 		222914
1.n_misses 		27085
1.hit_rate 		89.17
1.miss_rate 		10.83
1.n_upgrade_miss 	2757
1.n_bus_snoops 	28491
1.n_snoop_hits 	5284
1.n_writebacks 	10132
Memory Traffic:
1.B_written_bus_to_cache 	49823744
1.B_written_cache_to_bus_wb 	20750336
1.B_written_cache_to_bus_wt 	0
1.B_total_traffic_wb 	70574080
1.B_total_traffic_wt 	0
