P5 Printout for CS 3410
----------------------------------
Trace  		trace.2t.long.txt
Instruction Limit 	none
 *** Cache Configuration *** 
capacity   		65536 B
block_size 		 8192 B
associativity 		4-way
n_set 			2
n_cache_line 	8
tag: 18, index: 1, offset: 13
Coherence Protocol: 	msi
lru_on_invalidate_f: 	false
Processing trace...
2 2
Processed 500000 lines.
    *** Results for Core 0 ***
0.n_cpu_accesses 	250001
0.n_loads 		192500
0.n_stores 		57501
0.n_hits 		209973
0.n_misses 		40028
0.hit_rate 		83.99
0.miss_rate 		16.01
0.n_upgrade_miss 	4519
0.n_bus_snoops 	1679
0.n_snoop_hits 	1679
0.n_writebacks 	8964
Memory Traffic:
0.B_written_bus_to_cache 	290889728
0.B_written_cache_to_bus_wb 	73433088
0.B_written_cache_to_bus_wt 	0
0.B_total_traffic_wb 	364322816
0.B_total_traffic_wt 	0
    *** Results for Core 1 ***
1.n_cpu_accesses 	249999
1.n_loads 		166714
1.n_stores 		83285
1.n_hits 		215095
1.n_misses 		34904
1.hit_rate 		86.04
1.miss_rate 		13.96
1.n_upgrade_miss 	5107
1.n_bus_snoops 	2011
1.n_snoop_hits 	2011
1.n_writebacks 	8788
Memory Traffic:
1.B_written_bus_to_cache 	244097024
1.B_written_cache_to_bus_wb 	71991296
1.B_written_cache_to_bus_wt 	0
1.B_total_traffic_wb 	316088320
1.B_total_traffic_wt 	0
