P5 Printout for CS 3410
----------------------------------
Trace  		trace.1t.long.txt
Instruction Limit 	none
 *** Cache Configuration *** 
capacity   		   64 B
block_size 		    4 B
associativity 		4-way
n_set 			4
n_cache_line 	16
tag: 28, index: 2, offset: 2
Coherence Protocol: 	none
lru_on_invalidate_f: 	false
Processing trace...
1 0
Processed 250001 lines.
    *** Results for Core 0 ***
0.n_cpu_accesses 	250001
0.n_loads 		192500
0.n_stores 		57501
0.n_hits 		77129
0.n_misses 		172872
0.hit_rate 		30.85
0.miss_rate 		69.15
0.n_upgrade_miss 	0
0.n_bus_snoops 	0
0.n_snoop_hits 	0
0.n_writebacks 	48843
Memory Traffic:
0.B_written_bus_to_cache 	691488
0.B_written_cache_to_bus_wb 	195372
0.B_written_cache_to_bus_wt 	0
0.B_total_traffic_wb 	886860
0.B_total_traffic_wt 	0
