P5 Printout for CS 3410
----------------------------------
Trace  		trace.2t.long.txt
Instruction Limit 	none
 *** Cache Configuration *** 
capacity   		65536 B
block_size 		   32 B
associativity 		4-way
n_set 			512
n_cache_line 	2048
tag: 18, index: 9, offset: 5
Coherence Protocol: 	msi
lru_on_invalidate_f: 	false
Processing trace...
2 2
Processed 500000 lines.
    *** Results for Core 0 ***
0.n_cpu_accesses 	250001
0.n_loads 		192500
0.n_stores 		57501
0.n_hits 		228913
0.n_misses 		21088
0.hit_rate 		91.56
0.miss_rate 		8.44
0.n_upgrade_miss 	2863
0.n_bus_snoops 	26270
0.n_snoop_hits 	440
0.n_writebacks 	5834
Memory Traffic:
0.B_written_bus_to_cache 	674816
0.B_written_cache_to_bus_wb 	186688
0.B_written_cache_to_bus_wt 	0
0.B_total_traffic_wb 	861504
0.B_total_traffic_wt 	0
    *** Results for Core 1 ***
1.n_cpu_accesses 	249999
1.n_loads 		166714
1.n_stores 		83285
1.n_hits 		223729
1.n_misses 		26270
1.hit_rate 		89.49
1.miss_rate 		10.51
1.n_upgrade_miss 	4254
1.n_bus_snoops 	21088
1.n_snoop_hits 	503
1.n_writebacks 	11272
Memory Traffic:
1.B_written_bus_to_cache 	840640
1.B_written_cache_to_bus_wb 	360704
1.B_written_cache_to_bus_wt 	0
1.B_total_traffic_wb 	1201344
1.B_total_traffic_wt 	0
