P5 Printout for CS 3410
----------------------------------
Trace  		trace.2t.long.txt
Instruction Limit 	none
 *** Cache Configuration *** 
capacity   		65536 B
block_size 		  512 B
associativity 		4-way
n_set 			32
n_cache_line 	128
tag: 18, index: 5, offset: 9
Coherence Protocol: 	msi
lru_on_invalidate_f: 	false
Processing trace...
2 2
Processed 500000 lines.
    *** Results for Core 0 ***
0.n_cpu_accesses 	250001
0.n_loads 		192500
0.n_stores 		57501
0.n_hits 		235419
0.n_misses 		14582
0.hit_rate 		94.17
0.miss_rate 		5.83
0.n_upgrade_miss 	1211
0.n_bus_snoops 	14897
0.n_snoop_hits 	2764
0.n_writebacks 	4734
Memory Traffic:
0.B_written_bus_to_cache 	6845952
0.B_written_cache_to_bus_wb 	2423808
0.B_written_cache_to_bus_wt 	0
0.B_total_traffic_wb 	9269760
0.B_total_traffic_wt 	0
    *** Results for Core 1 ***
1.n_cpu_accesses 	249999
1.n_loads 		166714
1.n_stores 		83285
1.n_hits 		235102
1.n_misses 		14897
1.hit_rate 		94.04
1.miss_rate 		5.96
1.n_upgrade_miss 	1992
1.n_bus_snoops 	14582
1.n_snoop_hits 	2219
1.n_writebacks 	5488
Memory Traffic:
1.B_written_bus_to_cache 	6607360
1.B_written_cache_to_bus_wb 	2809856
1.B_written_cache_to_bus_wt 	0
1.B_total_traffic_wb 	9417216
1.B_total_traffic_wt 	0
