P5 Printout for CS 3410
----------------------------------
Trace  		trace.2t.long.txt
Instruction Limit 	none
 *** Cache Configuration *** 
capacity   		65536 B
block_size 		    4 B
associativity 		4-way
n_set 			4096
n_cache_line 	16384
tag: 18, index: 12, offset: 2
Coherence Protocol: 	msi
lru_on_invalidate_f: 	false
Processing trace...
2 2
Processed 500000 lines.
    *** Results for Core 0 ***
0.n_cpu_accesses 	250001
0.n_loads 		192500
0.n_stores 		57501
0.n_hits 		172541
0.n_misses 		77460
0.hit_rate 		69.02
0.miss_rate 		30.98
0.n_upgrade_miss 	3725
0.n_bus_snoops 	89298
0.n_snoop_hits 	6803
0.n_writebacks 	26949
Memory Traffic:
0.B_written_bus_to_cache 	294940
0.B_written_cache_to_bus_wb 	107796
0.B_written_cache_to_bus_wt 	0
0.B_total_traffic_wb 	402736
0.B_total_traffic_wt 	0
    *** Results for Core 1 ***
1.n_cpu_accesses 	249999
1.n_loads 		166714
1.n_stores 		83285
1.n_hits 		160701
1.n_misses 		89298
1.hit_rate 		64.28
1.miss_rate 		35.72
1.n_upgrade_miss 	5791
1.n_bus_snoops 	77460
1.n_snoop_hits 	4838
1.n_writebacks 	46366
Memory Traffic:
1.B_written_bus_to_cache 	334028
1.B_written_cache_to_bus_wb 	185464
1.B_written_cache_to_bus_wt 	0
1.B_total_traffic_wb 	519492
1.B_total_traffic_wt 	0
