P5 Printout for CS 3410
----------------------------------
Trace  		trace.2t.long.txt
Instruction Limit 	none
 *** Cache Configuration *** 
capacity   		65536 B
block_size 		 2048 B
associativity 		4-way
n_set 			8
n_cache_line 	32
tag: 18, index: 3, offset: 11
Coherence Protocol: 	msi
lru_on_invalidate_f: 	false
Processing trace...
2 2
Processed 500000 lines.
    *** Results for Core 0 ***
0.n_cpu_accesses 	250001
0.n_loads 		192500
0.n_stores 		57501
0.n_hits 		222853
0.n_misses 		27148
0.hit_rate 		89.14
0.miss_rate 		10.86
0.n_upgrade_miss 	2009
0.n_bus_snoops 	24432
0.n_snoop_hits 	4092
0.n_writebacks 	8924
Memory Traffic:
0.B_written_bus_to_cache 	51484672
0.B_written_cache_to_bus_wb 	18276352
0.B_written_cache_to_bus_wt 	0
0.B_total_traffic_wb 	69761024
0.B_total_traffic_wt 	0
    *** Results for Core 1 ***
1.n_cpu_accesses 	249999
1.n_loads 		166714
1.n_stores 		83285
1.n_hits 		225567
1.n_misses 		24432
1.hit_rate 		90.23
1.miss_rate 		9.77
1.n_upgrade_miss 	2775
1.n_bus_snoops 	27148
1.n_snoop_hits 	4153
1.n_writebacks 	9461
Memory Traffic:
1.B_written_bus_to_cache 	44353536
1.B_written_cache_to_bus_wb 	19376128
1.B_written_cache_to_bus_wt 	0
1.B_total_traffic_wb 	63729664
1.B_total_traffic_wt 	0
