P5 Printout for CS 3410
----------------------------------
Trace  		trace.2t.long.txt
Instruction Limit 	none
 *** Cache Configuration *** 
capacity   		65536 B
block_size 		  256 B
associativity 		4-way
n_set 			64
n_cache_line 	256
tag: 18, index: 6, offset: 8
Coherence Protocol: 	msi
lru_on_invalidate_f: 	false
Processing trace...
2 2
Processed 500000 lines.
    *** Results for Core 0 ***
0.n_cpu_accesses 	250001
0.n_loads 		192500
0.n_stores 		57501
0.n_hits 		237659
0.n_misses 		12342
0.hit_rate 		95.06
0.miss_rate 		4.94
0.n_upgrade_miss 	1377
0.n_bus_snoops 	13232
0.n_snoop_hits 	541
0.n_writebacks 	2148
Memory Traffic:
0.B_written_bus_to_cache 	2807040
0.B_written_cache_to_bus_wb 	549888
0.B_written_cache_to_bus_wt 	0
0.B_total_traffic_wb 	3356928
0.B_total_traffic_wt 	0
    *** Results for Core 1 ***
1.n_cpu_accesses 	249999
1.n_loads 		166714
1.n_stores 		83285
1.n_hits 		236767
1.n_misses 		13232
1.hit_rate 		94.71
1.miss_rate 		5.29
1.n_upgrade_miss 	2061
1.n_bus_snoops 	12342
1.n_snoop_hits 	663
1.n_writebacks 	3824
Memory Traffic:
1.B_written_bus_to_cache 	2859776
1.B_written_cache_to_bus_wb 	978944
1.B_written_cache_to_bus_wt 	0
1.B_total_traffic_wb 	3838720
1.B_total_traffic_wt 	0
