P5 Printout for CS 3410
----------------------------------
Trace  		trace.2t.long.txt
Instruction Limit 	none
 *** Cache Configuration *** 
capacity   		65536 B
block_size 		  128 B
associativity 		4-way
n_set 			128
n_cache_line 	512
tag: 18, index: 7, offset: 7
Coherence Protocol: 	msi
lru_on_invalidate_f: 	false
Processing trace...
2 2
Processed 500000 lines.
    *** Results for Core 0 ***
0.n_cpu_accesses 	250001
0.n_loads 		192500
0.n_stores 		57501
0.n_hits 		236052
0.n_misses 		13949
0.hit_rate 		94.42
0.miss_rate 		5.58
0.n_upgrade_miss 	1761
0.n_bus_snoops 	16258
0.n_snoop_hits 	486
0.n_writebacks 	2596
Memory Traffic:
0.B_written_bus_to_cache 	1560064
0.B_written_cache_to_bus_wb 	332288
0.B_written_cache_to_bus_wt 	0
0.B_total_traffic_wb 	1892352
0.B_total_traffic_wt 	0
    *** Results for Core 1 ***
1.n_cpu_accesses 	249999
1.n_loads 		166714
1.n_stores 		83285
1.n_hits 		233741
1.n_misses 		16258
1.hit_rate 		93.50
1.miss_rate 		6.50
1.n_upgrade_miss 	2672
1.n_bus_snoops 	13949
1.n_snoop_hits 	557
1.n_writebacks 	5203
Memory Traffic:
1.B_written_bus_to_cache 	1739008
1.B_written_cache_to_bus_wb 	665984
1.B_written_cache_to_bus_wt 	0
1.B_total_traffic_wb 	2404992
1.B_total_traffic_wt 	0
