P5 Printout for CS 3410
----------------------------------
Trace  		trace.1t.long.txt
Instruction Limit 	none
 *** Cache Configuration *** 
capacity   		65536 B
block_size 		   64 B
associativity 		4-way
n_set 			256
n_cache_line 	1024
tag: 18, index: 8, offset: 6
Coherence Protocol: 	msi
lru_on_invalidate_f: 	false
Processing trace...
1 2
Processed 250001 lines.
    *** Results for Core 0 ***
0.n_cpu_accesses 	250001
0.n_loads 		192500
0.n_stores 		57501
0.n_hits 		232138
0.n_misses 		17863
0.hit_rate 		92.85
0.miss_rate 		7.15
0.n_upgrade_miss 	2664
0.n_bus_snoops 	0
0.n_snoop_hits 	0
0.n_writebacks 	3670
Memory Traffic:
0.B_written_bus_to_cache 	972736
0.B_written_cache_to_bus_wb 	234880
0.B_written_cache_to_bus_wt 	0
0.B_total_traffic_wb 	1207616
0.B_total_traffic_wt 	0
