P5 Printout for CS 3410
----------------------------------
Trace  		trace.2t.long.txt
Instruction Limit 	none
 *** Cache Configuration *** 
capacity   		65536 B
block_size 		    4 B
associativity 		4-way
n_set 			4096
n_cache_line 	16384
tag: 18, index: 12, offset: 2
Coherence Protocol: 	msi
lru_on_invalidate_f: 	false
Processing trace...
2 2
Processed 500000 lines.
    *** Results for Core 0 ***
0.n_cpu_accesses 	250001
0.n_loads 		192500
0.n_stores 		57501
0.n_hits 		85014
0.n_misses 		164987
0.hit_rate 		34.01
0.miss_rate 		65.99
0.n_upgrade_miss 	3725
0.n_bus_snoops 	89298
0.n_snoop_hits 	6436
0.n_writebacks 	25475
Memory Traffic:
0.B_written_bus_to_cache 	645048
0.B_written_cache_to_bus_wb 	101900
0.B_written_cache_to_bus_wt 	0
0.B_total_traffic_wb 	746948
0.B_total_traffic_wt 	0
    *** Results for Core 1 ***
1.n_cpu_accesses 	249999
1.n_loads 		166714
1.n_stores 		83285
1.n_hits 		91068
1.n_misses 		158931
1.hit_rate 		36.43
1.miss_rate 		63.57
1.n_upgrade_miss 	5791
1.n_bus_snoops 	77460
1.n_snoop_hits 	4518
1.n_writebacks 	43360
Memory Traffic:
1.B_written_bus_to_cache 	612560
1.B_written_cache_to_bus_wb 	173440
1.B_written_cache_to_bus_wt 	0
1.B_total_traffic_wb 	786000
1.B_total_traffic_wt 	0
