P5 Printout for CS 3410
----------------------------------
Trace  		trace.2t.long.txt
Instruction Limit 	none
 *** Cache Configuration *** 
capacity   		65536 B
block_size 		 1024 B
associativity 		4-way
n_set 			16
n_cache_line 	64
tag: 18, index: 4, offset: 10
Coherence Protocol: 	msi
lru_on_invalidate_f: 	false
Processing trace...
2 2
Processed 500000 lines.
    *** Results for Core 0 ***
0.n_cpu_accesses 	250001
0.n_loads 		192500
0.n_stores 		57501
0.n_hits 		97092
0.n_misses 		152909
0.hit_rate 		38.84
0.miss_rate 		61.16
0.n_upgrade_miss 	1279
0.n_bus_snoops 	17750
0.n_snoop_hits 	2789
0.n_writebacks 	5399
Memory Traffic:
0.B_written_bus_to_cache 	155269120
0.B_written_cache_to_bus_wb 	5528576
0.B_written_cache_to_bus_wt 	0
0.B_total_traffic_wb 	160797696
0.B_total_traffic_wt 	0
    *** Results for Core 1 ***
1.n_cpu_accesses 	249999
1.n_loads 		166714
1.n_stores 		83285
1.n_hits 		138639
1.n_misses 		111360
1.hit_rate 		55.46
1.miss_rate 		44.54
1.n_upgrade_miss 	2132
1.n_bus_snoops 	17681
1.n_snoop_hits 	2277
1.n_writebacks 	6082
Memory Traffic:
1.B_written_bus_to_cache 	111849472
1.B_written_cache_to_bus_wb 	6227968
1.B_written_cache_to_bus_wt 	0
1.B_total_traffic_wb 	118077440
1.B_total_traffic_wt 	0
