P5 Printout for CS 3410
----------------------------------
Trace  		trace.1t.long.txt
Instruction Limit 	none
 *** Cache Configuration *** 
capacity   		65536 B
block_size 		 2048 B
associativity 		4-way
n_set 			8
n_cache_line 	32
tag: 18, index: 3, offset: 11
Coherence Protocol: 	msi
lru_on_invalidate_f: 	false
Processing trace...
1 2
Processed 250001 lines.
    *** Results for Core 0 ***
0.n_cpu_accesses 	250001
0.n_loads 		192500
0.n_stores 		57501
0.n_hits 		102894
0.n_misses 		147107
0.hit_rate 		41.16
0.miss_rate 		58.84
0.n_upgrade_miss 	1136
0.n_bus_snoops 	0
0.n_snoop_hits 	0
0.n_writebacks 	2844
Memory Traffic:
0.B_written_bus_to_cache 	298948608
0.B_written_cache_to_bus_wb 	5824512
0.B_written_cache_to_bus_wt 	0
0.B_total_traffic_wb 	304773120
0.B_total_traffic_wt 	0
