P5 Printout for CS 3410
----------------------------------
Trace  		trace.2t.long.txt
Instruction Limit 	none
 *** Cache Configuration *** 
capacity   		65536 B
block_size 		16384 B
associativity 		fully
n_set 			1
n_cache_line 	4
tag: 18, index: 0, offset: 14
Coherence Protocol: 	msi
lru_on_invalidate_f: 	false
Processing trace...
2 2
Processed 500000 lines.
    *** Results for Core 0 ***
0.n_cpu_accesses 	250001
0.n_loads 		192500
0.n_stores 		57501
0.n_hits 		58421
0.n_misses 		191580
0.hit_rate 		23.37
0.miss_rate 		76.63
0.n_upgrade_miss 	5905
0.n_bus_snoops 	63547
0.n_snoop_hits 	8675
0.n_writebacks 	24139
Memory Traffic:
0.B_written_bus_to_cache 	3042099200
0.B_written_cache_to_bus_wb 	395493376
0.B_written_cache_to_bus_wt 	0
0.B_total_traffic_wb 	3437592576
0.B_total_traffic_wt 	0
    *** Results for Core 1 ***
1.n_cpu_accesses 	249999
1.n_loads 		166714
1.n_stores 		83285
1.n_hits 		94545
1.n_misses 		155454
1.hit_rate 		37.82
1.miss_rate 		62.18
1.n_upgrade_miss 	7264
1.n_bus_snoops 	68494
1.n_snoop_hits 	7737
1.n_writebacks 	23823
Memory Traffic:
1.B_written_bus_to_cache 	2427944960
1.B_written_cache_to_bus_wb 	390316032
1.B_written_cache_to_bus_wt 	0
1.B_total_traffic_wb 	2818260992
1.B_total_traffic_wt 	0
