P5 Printout for CS 3410
----------------------------------
Trace  		trace.2t.long.txt
Instruction Limit 	none
 *** Cache Configuration *** 
capacity   		65536 B
block_size 		 8192 B
associativity 		4-way
n_set 			2
n_cache_line 	8
tag: 18, index: 1, offset: 13
Coherence Protocol: 	msi
lru_on_invalidate_f: 	false
Processing trace...
2 2
Processed 500000 lines.
    *** Results for Core 0 ***
0.n_cpu_accesses 	250001
0.n_loads 		192500
0.n_stores 		57501
0.n_hits 		72222
0.n_misses 		177779
0.hit_rate 		28.89
0.miss_rate 		71.11
0.n_upgrade_miss 	5218
0.n_bus_snoops 	45383
0.n_snoop_hits 	7464
0.n_writebacks 	18349
Memory Traffic:
0.B_written_bus_to_cache 	1413619712
0.B_written_cache_to_bus_wb 	150315008
0.B_written_cache_to_bus_wt 	0
0.B_total_traffic_wb 	1563934720
0.B_total_traffic_wt 	0
    *** Results for Core 1 ***
1.n_cpu_accesses 	249999
1.n_loads 		166714
1.n_stores 		83285
1.n_hits 		112545
1.n_misses 		137454
1.hit_rate 		45.02
1.miss_rate 		54.98
1.n_upgrade_miss 	6007
1.n_bus_snoops 	50358
1.n_snoop_hits 	6640
1.n_writebacks 	17875
Memory Traffic:
1.B_written_bus_to_cache 	1076813824
1.B_written_cache_to_bus_wb 	146432000
1.B_written_cache_to_bus_wt 	0
1.B_total_traffic_wb 	1223245824
1.B_total_traffic_wt 	0
