P5 Printout for CS 3410
----------------------------------
Trace  		trace.2t.long.txt
Instruction Limit 	none
 *** Cache Configuration *** 
capacity   		65536 B
block_size 		  256 B
associativity 		4-way
n_set 			64
n_cache_line 	256
tag: 18, index: 6, offset: 8
Coherence Protocol: 	msi
lru_on_invalidate_f: 	false
Processing trace...
2 2
Processed 500000 lines.
    *** Results for Core 0 ***
0.n_cpu_accesses 	250001
0.n_loads 		192500
0.n_stores 		57501
0.n_hits 		96624
0.n_misses 		153377
0.hit_rate 		38.65
0.miss_rate 		61.35
0.n_upgrade_miss 	1386
0.n_bus_snoops 	15174
0.n_snoop_hits 	2630
0.n_writebacks 	4671
Memory Traffic:
0.B_written_bus_to_cache 	38909696
0.B_written_cache_to_bus_wb 	1195776
0.B_written_cache_to_bus_wt 	0
0.B_total_traffic_wb 	40105472
0.B_total_traffic_wt 	0
    *** Results for Core 1 ***
1.n_cpu_accesses 	249999
1.n_loads 		166714
1.n_stores 		83285
1.n_hits 		135887
1.n_misses 		114112
1.hit_rate 		54.36
1.miss_rate 		45.64
1.n_upgrade_miss 	2242
1.n_bus_snoops 	14012
1.n_snoop_hits 	1929
1.n_writebacks 	5804
Memory Traffic:
1.B_written_bus_to_cache 	28638720
1.B_written_cache_to_bus_wb 	1485824
1.B_written_cache_to_bus_wt 	0
1.B_total_traffic_wb 	30124544
1.B_total_traffic_wt 	0
