P5 Printout for CS 3410
----------------------------------
Trace  		trace.1t.long.txt
Instruction Limit 	none
 *** Cache Configuration *** 
capacity   		65536 B
block_size 		 8192 B
associativity 		4-way
n_set 			2
n_cache_line 	8
tag: 18, index: 1, offset: 13
Coherence Protocol: 	msi
lru_on_invalidate_f: 	false
Processing trace...
1 2
Processed 250001 lines.
    *** Results for Core 0 ***
0.n_cpu_accesses 	250001
0.n_loads 		192500
0.n_stores 		57501
0.n_hits 		81367
0.n_misses 		168634
0.hit_rate 		32.55
0.miss_rate 		67.45
0.n_upgrade_miss 	4460
0.n_bus_snoops 	0
0.n_snoop_hits 	0
0.n_writebacks 	8269
Memory Traffic:
0.B_written_bus_to_cache 	1344913408
0.B_written_cache_to_bus_wb 	67739648
0.B_written_cache_to_bus_wt 	0
0.B_total_traffic_wb 	1412653056
0.B_total_traffic_wt 	0
