P5 Printout for CS 3410
----------------------------------
Trace  		trace.1t.short.txt
Instruction Limit 	none
 *** Cache Configuration *** 
capacity   		65536 B
block_size 		 2048 B
associativity 		4-way
n_set 			8
n_cache_line 	32
tag: 18, index: 3, offset: 11
Coherence Protocol: 	none
lru_on_invalidate_f: 	false
Processing trace...
1 0
Processed 1000 lines.
    *** Results for Core 0 ***
0.n_cpu_accesses 	1000
0.n_loads 		549
0.n_stores 		451
0.n_hits 		909
0.n_misses 		91
0.hit_rate 		90.90
0.miss_rate 		9.10
0.n_upgrade_miss 	0
0.n_bus_snoops 	0
0.n_snoop_hits 	0
0.n_writebacks 	9
Memory Traffic:
0.B_written_bus_to_cache 	186368
0.B_written_cache_to_bus_wb 	18432
0.B_written_cache_to_bus_wt 	0
0.B_total_traffic_wb 	204800
0.B_total_traffic_wt 	0
