P5 Printout for CS 3410
----------------------------------
Trace  		trace.1t.short.txt
Instruction Limit 	none
 *** Cache Configuration *** 
capacity   		65536 B
block_size 		  256 B
associativity 		4-way
n_set 			64
n_cache_line 	256
tag: 18, index: 6, offset: 8
Coherence Protocol: 	none
lru_on_invalidate_f: 	false
Processing trace...
1 0
Processed 1000 lines.
    *** Results for Core 0 ***
0.n_cpu_accesses 	1000
0.n_loads 		549
0.n_stores 		451
0.n_hits 		900
0.n_misses 		100
0.hit_rate 		90.00
0.miss_rate 		10.00
0.n_upgrade_miss 	0
0.n_bus_snoops 	0
0.n_snoop_hits 	0
0.n_writebacks 	0
Memory Traffic:
0.B_written_bus_to_cache 	25600
0.B_written_cache_to_bus_wb 	0
0.B_written_cache_to_bus_wt 	0
0.B_total_traffic_wb 	25600
0.B_total_traffic_wt 	0
