P5 Printout for CS 3410
----------------------------------
Trace  		trace.2t.long.txt
Instruction Limit 	none
 *** Cache Configuration *** 
capacity   		65536 B
block_size 		    4 B
associativity 		4-way
n_set 			4096
n_cache_line 	16384
tag: 18, index: 12, offset: 2
Coherence Protocol: 	msi
lru_on_invalidate_f: 	false
Processing trace...
2 2
Processed 500000 lines.
    *** Results for Core 0 ***
0.n_cpu_accesses 	250001
0.n_loads 		192500
0.n_stores 		57501
0.n_hits 		179051
0.n_misses 		70950
0.hit_rate 		71.62
0.miss_rate 		28.38
0.n_upgrade_miss 	3788
0.n_bus_snoops 	79006
0.n_snoop_hits 	952
0.n_writebacks 	19565
Memory Traffic:
0.B_written_bus_to_cache 	283800
0.B_written_cache_to_bus_wb 	78260
0.B_written_cache_to_bus_wt 	0
0.B_total_traffic_wb 	362060
0.B_total_traffic_wt 	0
    *** Results for Core 1 ***
1.n_cpu_accesses 	249999
1.n_loads 		166714
1.n_stores 		83285
1.n_hits 		170993
1.n_misses 		79006
1.hit_rate 		68.40
1.miss_rate 		31.60
1.n_upgrade_miss 	5602
1.n_bus_snoops 	70950
1.n_snoop_hits 	876
1.n_writebacks 	36689
Memory Traffic:
1.B_written_bus_to_cache 	316024
1.B_written_cache_to_bus_wb 	146756
1.B_written_cache_to_bus_wt 	0
1.B_total_traffic_wb 	462780
1.B_total_traffic_wt 	0
