P5 Printout for CS 3410
----------------------------------
Trace  		trace.2t.long.txt
Instruction Limit 	none
 *** Cache Configuration *** 
capacity   		65536 B
block_size 		16384 B
associativity 		fully
n_set 			1
n_cache_line 	4
tag: 18, index: 0, offset: 14
Coherence Protocol: 	msi
lru_on_invalidate_f: 	false
Processing trace...
2 2
Processed 500000 lines.
    *** Results for Core 0 ***
0.n_cpu_accesses 	250001
0.n_loads 		192500
0.n_stores 		57501
0.n_hits 		203662
0.n_misses 		46339
0.hit_rate 		81.46
0.miss_rate 		18.54
0.n_upgrade_miss 	5780
0.n_bus_snoops 	38528
0.n_snoop_hits 	1196
0.n_writebacks 	15051
Memory Traffic:
0.B_written_bus_to_cache 	759218176
0.B_written_cache_to_bus_wb 	246595584
0.B_written_cache_to_bus_wt 	0
0.B_total_traffic_wb 	1005813760
0.B_total_traffic_wt 	0
    *** Results for Core 1 ***
1.n_cpu_accesses 	249999
1.n_loads 		166714
1.n_stores 		83285
1.n_hits 		211471
1.n_misses 		38528
1.hit_rate 		84.59
1.miss_rate 		15.41
1.n_upgrade_miss 	6259
1.n_bus_snoops 	46339
1.n_snoop_hits 	1393
1.n_writebacks 	13797
Memory Traffic:
1.B_written_bus_to_cache 	631242752
1.B_written_cache_to_bus_wb 	226050048
1.B_written_cache_to_bus_wt 	0
1.B_total_traffic_wb 	857292800
1.B_total_traffic_wt 	0
