P5 Printout for CS 3410
----------------------------------
Trace  		trace.2t.long.txt
Instruction Limit 	none
 *** Cache Configuration *** 
capacity   		65536 B
block_size 		 8192 B
associativity 		4-way
n_set 			2
n_cache_line 	8
tag: 18, index: 1, offset: 13
Coherence Protocol: 	msi
lru_on_invalidate_f: 	false
Processing trace...
2 2
Processed 500000 lines.
    *** Results for Core 0 ***
0.n_cpu_accesses 	250001
0.n_loads 		192500
0.n_stores 		57501
0.n_hits 		214660
0.n_misses 		35341
0.hit_rate 		85.86
0.miss_rate 		14.14
0.n_upgrade_miss 	4534
0.n_bus_snoops 	29583
0.n_snoop_hits 	1366
0.n_writebacks 	10472
Memory Traffic:
0.B_written_bus_to_cache 	289513472
0.B_written_cache_to_bus_wb 	85786624
0.B_written_cache_to_bus_wt 	0
0.B_total_traffic_wb 	375300096
0.B_total_traffic_wt 	0
    *** Results for Core 1 ***
1.n_cpu_accesses 	249999
1.n_loads 		166714
1.n_stores 		83285
1.n_hits 		220416
1.n_misses 		29583
1.hit_rate 		88.17
1.miss_rate 		11.83
1.n_upgrade_miss 	5180
1.n_bus_snoops 	35341
1.n_snoop_hits 	1765
1.n_writebacks 	10286
Memory Traffic:
1.B_written_bus_to_cache 	242343936
1.B_written_cache_to_bus_wb 	84262912
1.B_written_cache_to_bus_wt 	0
1.B_total_traffic_wb 	326606848
1.B_total_traffic_wt 	0
