P5 Printout for CS 3410
----------------------------------
Trace  		trace.2t.long.txt
Instruction Limit 	none
 *** Cache Configuration *** 
capacity   		65536 B
block_size 		    8 B
associativity 		4-way
n_set 			2048
n_cache_line 	8192
tag: 18, index: 11, offset: 3
Coherence Protocol: 	msi
lru_on_invalidate_f: 	false
Processing trace...
2 2
Processed 500000 lines.
    *** Results for Core 0 ***
0.n_cpu_accesses 	250001
0.n_loads 		192500
0.n_stores 		57501
0.n_hits 		196683
0.n_misses 		53318
0.hit_rate 		78.67
0.miss_rate 		21.33
0.n_upgrade_miss 	3736
0.n_bus_snoops 	76819
0.n_snoop_hits 	768
0.n_writebacks 	18728
Memory Traffic:
0.B_written_bus_to_cache 	426544
0.B_written_cache_to_bus_wb 	149824
0.B_written_cache_to_bus_wt 	0
0.B_total_traffic_wb 	576368
0.B_total_traffic_wt 	0
    *** Results for Core 1 ***
1.n_cpu_accesses 	249999
1.n_loads 		166714
1.n_stores 		83285
1.n_hits 		173180
1.n_misses 		76819
1.hit_rate 		69.27
1.miss_rate 		30.73
1.n_upgrade_miss 	5519
1.n_bus_snoops 	53318
1.n_snoop_hits 	842
1.n_writebacks 	36930
Memory Traffic:
1.B_written_bus_to_cache 	614552
1.B_written_cache_to_bus_wb 	295440
1.B_written_cache_to_bus_wt 	0
1.B_total_traffic_wb 	909992
1.B_total_traffic_wt 	0
