P5 Printout for CS 3410
----------------------------------
Trace  		trace.2t.long.txt
Instruction Limit 	none
 *** Cache Configuration *** 
capacity   		65536 B
block_size 		 4096 B
associativity 		4-way
n_set 			4
n_cache_line 	16
tag: 18, index: 2, offset: 12
Coherence Protocol: 	msi
lru_on_invalidate_f: 	false
Processing trace...
2 2
Processed 500000 lines.
    *** Results for Core 0 ***
0.n_cpu_accesses 	250001
0.n_loads 		192500
0.n_stores 		57501
0.n_hits 		222825
0.n_misses 		27176
0.hit_rate 		89.13
0.miss_rate 		10.87
0.n_upgrade_miss 	2744
0.n_bus_snoops 	21721
0.n_snoop_hits 	1165
0.n_writebacks 	6879
Memory Traffic:
0.B_written_bus_to_cache 	111312896
0.B_written_cache_to_bus_wb 	28176384
0.B_written_cache_to_bus_wt 	0
0.B_total_traffic_wb 	139489280
0.B_total_traffic_wt 	0
    *** Results for Core 1 ***
1.n_cpu_accesses 	249999
1.n_loads 		166714
1.n_stores 		83285
1.n_hits 		228278
1.n_misses 		21721
1.hit_rate 		91.31
1.miss_rate 		8.69
1.n_upgrade_miss 	3142
1.n_bus_snoops 	27176
1.n_snoop_hits 	1543
1.n_writebacks 	6537
Memory Traffic:
1.B_written_bus_to_cache 	88969216
1.B_written_cache_to_bus_wb 	26775552
1.B_written_cache_to_bus_wt 	0
1.B_total_traffic_wb 	115744768
1.B_total_traffic_wt 	0
