P5 Printout for CS 3410
----------------------------------
Trace  		trace.2t.long.txt
Instruction Limit 	none
 *** Cache Configuration *** 
capacity   		65536 B
block_size 		16384 B
associativity 		fully
n_set 			1
n_cache_line 	4
tag: 18, index: 0, offset: 14
Coherence Protocol: 	msi
lru_on_invalidate_f: 	false
Processing trace...
2 2
Processed 500000 lines.
    *** Results for Core 0 ***
0.n_cpu_accesses 	250001
0.n_loads 		192500
0.n_stores 		57501
0.n_hits 		190643
0.n_misses 		59358
0.hit_rate 		76.26
0.miss_rate 		23.74
0.n_upgrade_miss 	5905
0.n_bus_snoops 	63547
0.n_snoop_hits 	9136
0.n_writebacks 	24139
Memory Traffic:
0.B_written_bus_to_cache 	875773952
0.B_written_cache_to_bus_wb 	395493376
0.B_written_cache_to_bus_wt 	0
0.B_total_traffic_wb 	1271267328
0.B_total_traffic_wt 	0
    *** Results for Core 1 ***
1.n_cpu_accesses 	249999
1.n_loads 		166714
1.n_stores 		83285
1.n_hits 		194783
1.n_misses 		55216
1.hit_rate 		77.91
1.miss_rate 		22.09
1.n_upgrade_miss 	7264
1.n_bus_snoops 	68494
1.n_snoop_hits 	8331
1.n_writebacks 	23823
Memory Traffic:
1.B_written_bus_to_cache 	785645568
1.B_written_cache_to_bus_wb 	390316032
1.B_written_cache_to_bus_wt 	0
1.B_total_traffic_wb 	1175961600
1.B_total_traffic_wt 	0
