P5 Printout for CS 3410
----------------------------------
Trace  		trace.2t.long.txt
Instruction Limit 	none
 *** Cache Configuration *** 
capacity   		65536 B
block_size 		    4 B
associativity 		4-way
n_set 			4096
n_cache_line 	16384
tag: 18, index: 12, offset: 2
Coherence Protocol: 	vi
lru_on_invalidate_f: 	false
Processing trace...
2 1
Processed 500000 lines.
    *** Results for Core 0 ***
0.n_cpu_accesses 	250001
0.n_loads 		192500
0.n_stores 		57501
0.n_hits 		175740
0.n_misses 		74261
0.hit_rate 		70.30
0.miss_rate 		29.70
0.n_upgrade_miss 	0
0.n_bus_snoops 	82342
0.n_snoop_hits 	4156
0.n_writebacks 	52267
Memory Traffic:
0.B_written_bus_to_cache 	297044
0.B_written_cache_to_bus_wb 	209068
0.B_written_cache_to_bus_wt 	0
0.B_total_traffic_wb 	506112
0.B_total_traffic_wt 	0
    *** Results for Core 1 ***
1.n_cpu_accesses 	249999
1.n_loads 		166714
1.n_stores 		83285
1.n_hits 		167657
1.n_misses 		82342
1.hit_rate 		67.06
1.miss_rate 		32.94
1.n_upgrade_miss 	0
1.n_bus_snoops 	74261
1.n_snoop_hits 	4057
1.n_writebacks 	56994
Memory Traffic:
1.B_written_bus_to_cache 	329368
1.B_written_cache_to_bus_wb 	227976
1.B_written_cache_to_bus_wt 	0
1.B_total_traffic_wb 	557344
1.B_total_traffic_wt 	0
