P5 Printout for CS 3410
----------------------------------
Trace  		trace.2t.long.txt
Instruction Limit 	none
 *** Cache Configuration *** 
capacity   		65536 B
block_size 		  512 B
associativity 		4-way
n_set 			32
n_cache_line 	128
tag: 18, index: 5, offset: 9
Coherence Protocol: 	msi
lru_on_invalidate_f: 	false
Processing trace...
2 2
Processed 500000 lines.
    *** Results for Core 0 ***
0.n_cpu_accesses 	250001
0.n_loads 		192500
0.n_stores 		57501
0.n_hits 		236929
0.n_misses 		13072
0.hit_rate 		94.77
0.miss_rate 		5.23
0.n_upgrade_miss 	1547
0.n_bus_snoops 	13299
0.n_snoop_hits 	1585
0.n_writebacks 	2560
Memory Traffic:
0.B_written_bus_to_cache 	5900800
0.B_written_cache_to_bus_wb 	1310720
0.B_written_cache_to_bus_wt 	0
0.B_total_traffic_wb 	7211520
0.B_total_traffic_wt 	0
    *** Results for Core 1 ***
1.n_cpu_accesses 	249999
1.n_loads 		166714
1.n_stores 		83285
1.n_hits 		236700
1.n_misses 		13299
1.hit_rate 		94.68
1.miss_rate 		5.32
1.n_upgrade_miss 	2052
1.n_bus_snoops 	13072
1.n_snoop_hits 	1651
1.n_writebacks 	3567
Memory Traffic:
1.B_written_bus_to_cache 	5758464
1.B_written_cache_to_bus_wb 	1826304
1.B_written_cache_to_bus_wt 	0
1.B_total_traffic_wb 	7584768
1.B_total_traffic_wt 	0
