P5 Printout for CS 3410
----------------------------------
Trace  		trace.1t.long.txt
Instruction Limit 	none
 *** Cache Configuration *** 
capacity   		 1024 B
block_size 		   64 B
associativity 		4-way
n_set 			4
n_cache_line 	16
tag: 24, index: 2, offset: 6
Coherence Protocol: 	none
lru_on_invalidate_f: 	false
Processing trace...
1 0
Processed 250001 lines.
    *** Results for Core 0 ***
0.n_cpu_accesses 	250001
0.n_loads 		192500
0.n_stores 		57501
0.n_hits 		194239
0.n_misses 		55762
0.hit_rate 		77.70
0.miss_rate 		22.30
0.n_upgrade_miss 	0
0.n_bus_snoops 	0
0.n_snoop_hits 	0
0.n_writebacks 	15081
Memory Traffic:
0.B_written_bus_to_cache 	3568768
0.B_written_cache_to_bus_wb 	965184
0.B_written_cache_to_bus_wt 	0
0.B_total_traffic_wb 	4533952
0.B_total_traffic_wt 	0
