P5 Printout for CS 3410
----------------------------------
Trace  		trace.2t.long.txt
Instruction Limit 	none
 *** Cache Configuration *** 
capacity   		65536 B
block_size 		 4096 B
associativity 		4-way
n_set 			4
n_cache_line 	16
tag: 18, index: 2, offset: 12
Coherence Protocol: 	msi
lru_on_invalidate_f: 	false
Processing trace...
2 2
Processed 500000 lines.
    *** Results for Core 0 ***
0.n_cpu_accesses 	250001
0.n_loads 		192500
0.n_stores 		57501
0.n_hits 		219199
0.n_misses 		30802
0.hit_rate 		87.68
0.miss_rate 		12.32
0.n_upgrade_miss 	3080
0.n_bus_snoops 	25874
0.n_snoop_hits 	2545
0.n_writebacks 	7479
Memory Traffic:
0.B_written_bus_to_cache 	113549312
0.B_written_cache_to_bus_wb 	30633984
0.B_written_cache_to_bus_wt 	0
0.B_total_traffic_wb 	144183296
0.B_total_traffic_wt 	0
    *** Results for Core 1 ***
1.n_cpu_accesses 	249999
1.n_loads 		166714
1.n_stores 		83285
1.n_hits 		224125
1.n_misses 		25874
1.hit_rate 		89.65
1.miss_rate 		10.35
1.n_upgrade_miss 	3312
1.n_bus_snoops 	30802
1.n_snoop_hits 	2657
1.n_writebacks 	6964
Memory Traffic:
1.B_written_bus_to_cache 	92413952
1.B_written_cache_to_bus_wb 	28524544
1.B_written_cache_to_bus_wt 	0
1.B_total_traffic_wb 	120938496
1.B_total_traffic_wt 	0
