P5 Printout for CS 3410
----------------------------------
Trace  		trace.2t.long.txt
Instruction Limit 	none
 *** Cache Configuration *** 
capacity   		65536 B
block_size 		 2048 B
associativity 		4-way
n_set 			8
n_cache_line 	32
tag: 18, index: 3, offset: 11
Coherence Protocol: 	msi
lru_on_invalidate_f: 	false
Processing trace...
2 2
Processed 500000 lines.
    *** Results for Core 0 ***
0.n_cpu_accesses 	250001
0.n_loads 		192500
0.n_stores 		57501
0.n_hits 		229140
0.n_misses 		20861
0.hit_rate 		91.66
0.miss_rate 		8.34
0.n_upgrade_miss 	1779
0.n_bus_snoops 	19094
0.n_snoop_hits 	2477
0.n_writebacks 	4206
Memory Traffic:
0.B_written_bus_to_cache 	39079936
0.B_written_cache_to_bus_wb 	8613888
0.B_written_cache_to_bus_wt 	0
0.B_total_traffic_wb 	47693824
0.B_total_traffic_wt 	0
    *** Results for Core 1 ***
1.n_cpu_accesses 	249999
1.n_loads 		166714
1.n_stores 		83285
1.n_hits 		230905
1.n_misses 		19094
1.hit_rate 		92.36
1.miss_rate 		7.64
1.n_upgrade_miss 	2278
1.n_bus_snoops 	20861
1.n_snoop_hits 	2456
1.n_writebacks 	4761
Memory Traffic:
1.B_written_bus_to_cache 	34439168
1.B_written_cache_to_bus_wb 	9750528
1.B_written_cache_to_bus_wt 	0
1.B_total_traffic_wb 	44189696
1.B_total_traffic_wt 	0
