P5 Printout for CS 3410
----------------------------------
Trace  		trace.2t.long.txt
Instruction Limit 	none
 *** Cache Configuration *** 
capacity   		65536 B
block_size 		  128 B
associativity 		4-way
n_set 			128
n_cache_line 	512
tag: 18, index: 7, offset: 7
Coherence Protocol: 	msi
lru_on_invalidate_f: 	false
Processing trace...
2 2
Processed 500000 lines.
    *** Results for Core 0 ***
0.n_cpu_accesses 	250001
0.n_loads 		192500
0.n_stores 		57501
0.n_hits 		235126
0.n_misses 		14875
0.hit_rate 		94.05
0.miss_rate 		5.95
0.n_upgrade_miss 	2086
0.n_bus_snoops 	17243
0.n_snoop_hits 	1467
0.n_writebacks 	3202
Memory Traffic:
0.B_written_bus_to_cache 	1636992
0.B_written_cache_to_bus_wb 	409856
0.B_written_cache_to_bus_wt 	0
0.B_total_traffic_wb 	2046848
0.B_total_traffic_wt 	0
    *** Results for Core 1 ***
1.n_cpu_accesses 	249999
1.n_loads 		166714
1.n_stores 		83285
1.n_hits 		232756
1.n_misses 		17243
1.hit_rate 		93.10
1.miss_rate 		6.90
1.n_upgrade_miss 	3024
1.n_bus_snoops 	14875
1.n_snoop_hits 	1521
1.n_writebacks 	5789
Memory Traffic:
1.B_written_bus_to_cache 	1820032
1.B_written_cache_to_bus_wb 	740992
1.B_written_cache_to_bus_wt 	0
1.B_total_traffic_wb 	2561024
1.B_total_traffic_wt 	0
