P5 Printout for CS 3410
----------------------------------
Trace  		trace.2t.long.txt
Instruction Limit 	none
 *** Cache Configuration *** 
capacity   		65536 B
block_size 		    4 B
associativity 		4-way
n_set 			4096
n_cache_line 	16384
tag: 18, index: 12, offset: 2
Coherence Protocol: 	msi
lru_on_invalidate_f: 	false
Processing trace...
2 2
Processed 500000 lines.
    *** Results for Core 0 ***
0.n_cpu_accesses 	250001
0.n_loads 		192500
0.n_stores 		57501
0.n_hits 		174289
0.n_misses 		75712
0.hit_rate 		69.72
0.miss_rate 		30.28
0.n_upgrade_miss 	4037
0.n_bus_snoops 	85703
0.n_snoop_hits 	2244
0.n_writebacks 	20204
Memory Traffic:
0.B_written_bus_to_cache 	286700
0.B_written_cache_to_bus_wb 	80816
0.B_written_cache_to_bus_wt 	0
0.B_total_traffic_wb 	367516
0.B_total_traffic_wt 	0
    *** Results for Core 1 ***
1.n_cpu_accesses 	249999
1.n_loads 		166714
1.n_stores 		83285
1.n_hits 		164296
1.n_misses 		85703
1.hit_rate 		65.72
1.miss_rate 		34.28
1.n_upgrade_miss 	5953
1.n_bus_snoops 	75712
1.n_snoop_hits 	1968
1.n_writebacks 	37312
Memory Traffic:
1.B_written_bus_to_cache 	319000
1.B_written_cache_to_bus_wb 	149248
1.B_written_cache_to_bus_wt 	0
1.B_total_traffic_wb 	468248
1.B_total_traffic_wt 	0
