P5 Printout for CS 3410
----------------------------------
Trace  		trace.2t.long.txt
Instruction Limit 	none
 *** Cache Configuration *** 
capacity   		65536 B
block_size 		    8 B
associativity 		4-way
n_set 			2048
n_cache_line 	8192
tag: 18, index: 11, offset: 3
Coherence Protocol: 	msi
lru_on_invalidate_f: 	false
Processing trace...
2 2
Processed 500000 lines.
    *** Results for Core 0 ***
0.n_cpu_accesses 	250001
0.n_loads 		192500
0.n_stores 		57501
0.n_hits 		186448
0.n_misses 		63553
0.hit_rate 		74.58
0.miss_rate 		25.42
0.n_upgrade_miss 	3669
0.n_bus_snoops 	93883
0.n_snoop_hits 	1835
0.n_writebacks 	17175
Memory Traffic:
0.B_written_bus_to_cache 	479072
0.B_written_cache_to_bus_wb 	137400
0.B_written_cache_to_bus_wt 	0
0.B_total_traffic_wb 	616472
0.B_total_traffic_wt 	0
    *** Results for Core 1 ***
1.n_cpu_accesses 	249999
1.n_loads 		166714
1.n_stores 		83285
1.n_hits 		156116
1.n_misses 		93883
1.hit_rate 		62.45
1.miss_rate 		37.55
1.n_upgrade_miss 	5754
1.n_bus_snoops 	63553
1.n_snoop_hits 	1560
1.n_writebacks 	34551
Memory Traffic:
1.B_written_bus_to_cache 	705032
1.B_written_cache_to_bus_wb 	276408
1.B_written_cache_to_bus_wt 	0
1.B_total_traffic_wb 	981440
1.B_total_traffic_wt 	0
