P5 Printout for CS 3410
----------------------------------
Trace  		trace.2t.long.txt
Instruction Limit 	none
 *** Cache Configuration *** 
capacity   		65536 B
block_size 		   64 B
associativity 		4-way
n_set 			256
n_cache_line 	1024
tag: 18, index: 8, offset: 6
Coherence Protocol: 	msi
lru_on_invalidate_f: 	false
Processing trace...
2 2
Processed 500000 lines.
    *** Results for Core 0 ***
0.n_cpu_accesses 	250001
0.n_loads 		192500
0.n_stores 		57501
0.n_hits 		228282
0.n_misses 		21719
0.hit_rate 		91.31
0.miss_rate 		8.69
0.n_upgrade_miss 	2743
0.n_bus_snoops 	29326
0.n_snoop_hits 	1211
0.n_writebacks 	3650
Memory Traffic:
0.B_written_bus_to_cache 	1214464
0.B_written_cache_to_bus_wb 	233600
0.B_written_cache_to_bus_wt 	0
0.B_total_traffic_wb 	1448064
0.B_total_traffic_wt 	0
    *** Results for Core 1 ***
1.n_cpu_accesses 	249999
1.n_loads 		166714
1.n_stores 		83285
1.n_hits 		220673
1.n_misses 		29326
1.hit_rate 		88.27
1.miss_rate 		11.73
1.n_upgrade_miss 	4000
1.n_bus_snoops 	21719
1.n_snoop_hits 	1415
1.n_writebacks 	8197
Memory Traffic:
1.B_written_bus_to_cache 	1620864
1.B_written_cache_to_bus_wb 	524608
1.B_written_cache_to_bus_wt 	0
1.B_total_traffic_wb 	2145472
1.B_total_traffic_wt 	0
