P5 Printout for CS 3410
----------------------------------
Trace  		trace.2t.long.txt
Instruction Limit 	none
 *** Cache Configuration *** 
capacity   		65536 B
block_size 		 4096 B
associativity 		4-way
n_set 			4
n_cache_line 	16
tag: 18, index: 2, offset: 12
Coherence Protocol: 	msi
lru_on_invalidate_f: 	false
Processing trace...
2 2
Processed 500000 lines.
    *** Results for Core 0 ***
0.n_cpu_accesses 	250001
0.n_loads 		192500
0.n_stores 		57501
0.n_hits 		218920
0.n_misses 		31081
0.hit_rate 		87.57
0.miss_rate 		12.43
0.n_upgrade_miss 	2757
0.n_bus_snoops 	26146
0.n_snoop_hits 	1416
0.n_writebacks 	6872
Memory Traffic:
0.B_written_bus_to_cache 	116015104
0.B_written_cache_to_bus_wb 	28147712
0.B_written_cache_to_bus_wt 	0
0.B_total_traffic_wb 	144162816
0.B_total_traffic_wt 	0
    *** Results for Core 1 ***
1.n_cpu_accesses 	249999
1.n_loads 		166714
1.n_stores 		83285
1.n_hits 		223853
1.n_misses 		26146
1.hit_rate 		89.54
1.miss_rate 		10.46
1.n_upgrade_miss 	3002
1.n_bus_snoops 	31081
1.n_snoop_hits 	1934
1.n_writebacks 	6696
Memory Traffic:
1.B_written_bus_to_cache 	94797824
1.B_written_cache_to_bus_wb 	27426816
1.B_written_cache_to_bus_wt 	0
1.B_total_traffic_wb 	122224640
1.B_total_traffic_wt 	0
