P5 Printout for CS 3410
----------------------------------
Trace  		trace.2t.long.txt
Instruction Limit 	none
 *** Cache Configuration *** 
capacity   		65536 B
block_size 		 8192 B
associativity 		4-way
n_set 			2
n_cache_line 	8
tag: 18, index: 1, offset: 13
Coherence Protocol: 	msi
lru_on_invalidate_f: 	false
Processing trace...
2 2
Processed 500000 lines.
    *** Results for Core 0 ***
0.n_cpu_accesses 	250001
0.n_loads 		192500
0.n_stores 		57501
0.n_hits 		209287
0.n_misses 		40714
0.hit_rate 		83.71
0.miss_rate 		16.29
0.n_upgrade_miss 	4498
0.n_bus_snoops 	35112
0.n_snoop_hits 	1681
0.n_writebacks 	10546
Memory Traffic:
0.B_written_bus_to_cache 	296681472
0.B_written_cache_to_bus_wb 	86392832
0.B_written_cache_to_bus_wt 	0
0.B_total_traffic_wb 	383074304
0.B_total_traffic_wt 	0
    *** Results for Core 1 ***
1.n_cpu_accesses 	249999
1.n_loads 		166714
1.n_stores 		83285
1.n_hits 		214887
1.n_misses 		35112
1.hit_rate 		85.96
1.miss_rate 		14.04
1.n_upgrade_miss 	5093
1.n_bus_snoops 	40714
1.n_snoop_hits 	2128
1.n_writebacks 	10523
Memory Traffic:
1.B_written_bus_to_cache 	245915648
1.B_written_cache_to_bus_wb 	86204416
1.B_written_cache_to_bus_wt 	0
1.B_total_traffic_wb 	332120064
1.B_total_traffic_wt 	0
