P5 Printout for CS 3410
----------------------------------
Trace  		trace.2t.long.txt
Instruction Limit 	none
 *** Cache Configuration *** 
capacity   		65536 B
block_size 		   16 B
associativity 		4-way
n_set 			1024
n_cache_line 	4096
tag: 18, index: 10, offset: 4
Coherence Protocol: 	msi
lru_on_invalidate_f: 	false
Processing trace...
2 2
Processed 500000 lines.
    *** Results for Core 0 ***
0.n_cpu_accesses 	250001
0.n_loads 		192500
0.n_stores 		57501
0.n_hits 		210019
0.n_misses 		39982
0.hit_rate 		84.01
0.miss_rate 		15.99
0.n_upgrade_miss 	2901
0.n_bus_snoops 	59040
0.n_snoop_hits 	1606
0.n_writebacks 	9383
Memory Traffic:
0.B_written_bus_to_cache 	593296
0.B_written_cache_to_bus_wb 	150128
0.B_written_cache_to_bus_wt 	0
0.B_total_traffic_wb 	743424
0.B_total_traffic_wt 	0
    *** Results for Core 1 ***
1.n_cpu_accesses 	249999
1.n_loads 		166714
1.n_stores 		83285
1.n_hits 		190959
1.n_misses 		59040
1.hit_rate 		76.38
1.miss_rate 		23.62
1.n_upgrade_miss 	4783
1.n_bus_snoops 	39982
1.n_snoop_hits 	1031
1.n_writebacks 	18270
Memory Traffic:
1.B_written_bus_to_cache 	868112
1.B_written_cache_to_bus_wb 	292320
1.B_written_cache_to_bus_wt 	0
1.B_total_traffic_wb 	1160432
1.B_total_traffic_wt 	0
