P5 Printout for CS 3410
----------------------------------
Trace  		trace.2t.long.txt
Instruction Limit 	none
 *** Cache Configuration *** 
capacity   		65536 B
block_size 		 2048 B
associativity 		4-way
n_set 			8
n_cache_line 	32
tag: 18, index: 3, offset: 11
Coherence Protocol: 	msi
lru_on_invalidate_f: 	false
Processing trace...
2 2
Processed 500000 lines.
    *** Results for Core 0 ***
0.n_cpu_accesses 	250001
0.n_loads 		192500
0.n_stores 		57501
0.n_hits 		228881
0.n_misses 		21120
0.hit_rate 		91.55
0.miss_rate 		8.45
0.n_upgrade_miss 	1187
0.n_bus_snoops 	19968
0.n_snoop_hits 	1072
0.n_writebacks 	3118
Memory Traffic:
0.B_written_bus_to_cache 	40822784
0.B_written_cache_to_bus_wb 	6385664
0.B_written_cache_to_bus_wt 	0
0.B_total_traffic_wb 	47208448
0.B_total_traffic_wt 	0
    *** Results for Core 1 ***
1.n_cpu_accesses 	249999
1.n_loads 		166714
1.n_stores 		83285
1.n_hits 		230031
1.n_misses 		19968
1.hit_rate 		92.01
1.miss_rate 		7.99
1.n_upgrade_miss 	1924
1.n_bus_snoops 	21120
1.n_snoop_hits 	1127
1.n_writebacks 	3965
Memory Traffic:
1.B_written_bus_to_cache 	36954112
1.B_written_cache_to_bus_wb 	8120320
1.B_written_cache_to_bus_wt 	0
1.B_total_traffic_wb 	45074432
1.B_total_traffic_wt 	0
