P5 Printout for CS 3410
----------------------------------
Trace  		trace.2t.long.txt
Instruction Limit 	none
 *** Cache Configuration *** 
capacity   		65536 B
block_size 		  128 B
associativity 		4-way
n_set 			128
n_cache_line 	512
tag: 18, index: 7, offset: 7
Coherence Protocol: 	msi
lru_on_invalidate_f: 	false
Processing trace...
2 2
Processed 500000 lines.
    *** Results for Core 0 ***
0.n_cpu_accesses 	250001
0.n_loads 		192500
0.n_stores 		57501
0.n_hits 		231300
0.n_misses 		18701
0.hit_rate 		92.52
0.miss_rate 		7.48
0.n_upgrade_miss 	1765
0.n_bus_snoops 	22413
0.n_snoop_hits 	1134
0.n_writebacks 	2559
Memory Traffic:
0.B_written_bus_to_cache 	2167808
0.B_written_cache_to_bus_wb 	327552
0.B_written_cache_to_bus_wt 	0
0.B_total_traffic_wb 	2495360
0.B_total_traffic_wt 	0
    *** Results for Core 1 ***
1.n_cpu_accesses 	249999
1.n_loads 		166714
1.n_stores 		83285
1.n_hits 		227586
1.n_misses 		22413
1.hit_rate 		91.03
1.miss_rate 		8.97
1.n_upgrade_miss 	2892
1.n_bus_snoops 	18701
1.n_snoop_hits 	895
1.n_writebacks 	5005
Memory Traffic:
1.B_written_bus_to_cache 	2498688
1.B_written_cache_to_bus_wb 	640640
1.B_written_cache_to_bus_wt 	0
1.B_total_traffic_wb 	3139328
1.B_total_traffic_wt 	0
