P5 Printout for CS 3410
----------------------------------
Trace  		trace.2t.long.txt
Instruction Limit 	none
 *** Cache Configuration *** 
capacity   		65536 B
block_size 		    8 B
associativity 		4-way
n_set 			2048
n_cache_line 	8192
tag: 18, index: 11, offset: 3
Coherence Protocol: 	msi
lru_on_invalidate_f: 	false
Processing trace...
2 2
Processed 500000 lines.
    *** Results for Core 0 ***
0.n_cpu_accesses 	250001
0.n_loads 		192500
0.n_stores 		57501
0.n_hits 		78009
0.n_misses 		171992
0.hit_rate 		31.20
0.miss_rate 		68.80
0.n_upgrade_miss 	3806
0.n_bus_snoops 	80125
0.n_snoop_hits 	187
0.n_writebacks 	19875
Memory Traffic:
0.B_written_bus_to_cache 	1372130
0.B_written_cache_to_bus_wb 	159000
0.B_written_cache_to_bus_wt 	0
0.B_total_traffic_wb 	1531130
0.B_total_traffic_wt 	0
    *** Results for Core 1 ***
1.n_cpu_accesses 	249999
1.n_loads 		166714
1.n_stores 		83285
1.n_hits 		94180
1.n_misses 		155819
1.hit_rate 		37.67
1.miss_rate 		62.33
1.n_upgrade_miss 	5853
1.n_bus_snoops 	55171
1.n_snoop_hits 	205
1.n_writebacks 	40739
Memory Traffic:
1.B_written_bus_to_cache 	1240699
1.B_written_cache_to_bus_wb 	325912
1.B_written_cache_to_bus_wt 	0
1.B_total_traffic_wb 	1566611
1.B_total_traffic_wt 	0
