P5 Printout for CS 3410
----------------------------------
Trace  		trace.1t.long.txt
Instruction Limit 	none
 *** Cache Configuration *** 
capacity   		65536 B
block_size 		16384 B
associativity 		fully
n_set 			1
n_cache_line 	4
tag: 18, index: 0, offset: 14
Coherence Protocol: 	msi
lru_on_invalidate_f: 	false
Processing trace...
1 2
Processed 250001 lines.
    *** Results for Core 0 ***
0.n_cpu_accesses 	250001
0.n_loads 		192500
0.n_stores 		57501
0.n_hits 		68631
0.n_misses 		181370
0.hit_rate 		27.45
0.miss_rate 		72.55
0.n_upgrade_miss 	5698
0.n_bus_snoops 	0
0.n_snoop_hits 	0
0.n_writebacks 	14868
Memory Traffic:
0.B_written_bus_to_cache 	2971560382
0.B_written_cache_to_bus_wb 	243597312
0.B_written_cache_to_bus_wt 	0
0.B_total_traffic_wb 	3215157694
0.B_total_traffic_wt 	0
