P5 Printout for CS 3410
----------------------------------
Trace  		trace.2t.long.txt
Instruction Limit 	none
 *** Cache Configuration *** 
capacity   		65536 B
block_size 		   64 B
associativity 		4-way
n_set 			256
n_cache_line 	1024
tag: 18, index: 8, offset: 6
Coherence Protocol: 	msi
lru_on_invalidate_f: 	false
Processing trace...
2 2
Processed 500000 lines.
    *** Results for Core 0 ***
0.n_cpu_accesses 	250001
0.n_loads 		192500
0.n_stores 		57501
0.n_hits 		96507
0.n_misses 		153494
0.hit_rate 		38.60
0.miss_rate 		61.40
0.n_upgrade_miss 	2698
0.n_bus_snoops 	20112
0.n_snoop_hits 	150
0.n_writebacks 	4183
Memory Traffic:
0.B_written_bus_to_cache 	9820918
0.B_written_cache_to_bus_wb 	267712
0.B_written_cache_to_bus_wt 	0
0.B_total_traffic_wb 	10088630
0.B_total_traffic_wt 	0
    *** Results for Core 1 ***
1.n_cpu_accesses 	249999
1.n_loads 		166714
1.n_stores 		83285
1.n_hits 		132454
1.n_misses 		117545
1.hit_rate 		52.98
1.miss_rate 		47.02
1.n_upgrade_miss 	4064
1.n_bus_snoops 	16232
1.n_snoop_hits 	122
1.n_writebacks 	8874
Memory Traffic:
1.B_written_bus_to_cache 	7518816
1.B_written_cache_to_bus_wb 	567936
1.B_written_cache_to_bus_wt 	0
1.B_total_traffic_wb 	8086752
1.B_total_traffic_wt 	0
