P5 Printout for CS 3410
----------------------------------
Trace  		trace.2t.long.txt
Instruction Limit 	none
 *** Cache Configuration *** 
capacity   		65536 B
block_size 		   16 B
associativity 		4-way
n_set 			1024
n_cache_line 	4096
tag: 18, index: 10, offset: 4
Coherence Protocol: 	msi
lru_on_invalidate_f: 	false
Processing trace...
2 2
Processed 500000 lines.
    *** Results for Core 0 ***
0.n_cpu_accesses 	250001
0.n_loads 		192500
0.n_stores 		57501
0.n_hits 		90892
0.n_misses 		159109
0.hit_rate 		36.36
0.miss_rate 		63.64
0.n_upgrade_miss 	3204
0.n_bus_snoops 	45308
0.n_snoop_hits 	168
0.n_writebacks 	10962
Memory Traffic:
0.B_written_bus_to_cache 	2542540
0.B_written_cache_to_bus_wb 	175392
0.B_written_cache_to_bus_wt 	0
0.B_total_traffic_wb 	2717932
0.B_total_traffic_wt 	0
    *** Results for Core 1 ***
1.n_cpu_accesses 	249999
1.n_loads 		166714
1.n_stores 		83285
1.n_hits 		114426
1.n_misses 		135573
1.hit_rate 		45.77
1.miss_rate 		54.23
1.n_upgrade_miss 	4831
1.n_bus_snoops 	33005
1.n_snoop_hits 	161
1.n_writebacks 	21793
Memory Traffic:
1.B_written_bus_to_cache 	2164337
1.B_written_cache_to_bus_wb 	348688
1.B_written_cache_to_bus_wt 	0
1.B_total_traffic_wb 	2513025
1.B_total_traffic_wt 	0
