P5 Printout for CS 3410
----------------------------------
Trace  		trace.2t.long.txt
Instruction Limit 	none
 *** Cache Configuration *** 
capacity   		65536 B
block_size 		    4 B
associativity 		4-way
n_set 			4096
n_cache_line 	16384
tag: 18, index: 12, offset: 2
Coherence Protocol: 	msi
lru_on_invalidate_f: 	false
Processing trace...
2 2
Processed 500000 lines.
    *** Results for Core 0 ***
0.n_cpu_accesses 	250001
0.n_loads 		192500
0.n_stores 		57501
0.n_hits 		87059
0.n_misses 		162942
0.hit_rate 		34.82
0.miss_rate 		65.18
0.n_upgrade_miss 	3854
0.n_bus_snoops 	82261
0.n_snoop_hits 	183
0.n_writebacks 	20674
Memory Traffic:
0.B_written_bus_to_cache 	647914
0.B_written_cache_to_bus_wb 	82696
0.B_written_cache_to_bus_wt 	0
0.B_total_traffic_wb 	730610
0.B_total_traffic_wt 	0
    *** Results for Core 1 ***
1.n_cpu_accesses 	249999
1.n_loads 		166714
1.n_stores 		83285
1.n_hits 		91777
1.n_misses 		158222
1.hit_rate 		36.71
1.miss_rate 		63.29
1.n_upgrade_miss 	5917
1.n_bus_snoops 	72758
1.n_snoop_hits 	199
1.n_writebacks 	41940
Memory Traffic:
1.B_written_bus_to_cache 	626971
1.B_written_cache_to_bus_wb 	167760
1.B_written_cache_to_bus_wt 	0
1.B_total_traffic_wb 	794731
1.B_total_traffic_wt 	0
