P5 Printout for CS 3410
----------------------------------
Trace  		trace.2t.long.txt
Instruction Limit 	none
 *** Cache Configuration *** 
capacity   		65536 B
block_size 		    4 B
associativity 		4-way
n_set 			4096
n_cache_line 	16384
tag: 18, index: 12, offset: 2
Coherence Protocol: 	msi
lru_on_invalidate_f: 	false
Processing trace...
2 2
Processed 500000 lines.
    *** Results for Core 0 ***
0.n_cpu_accesses 	250001
0.n_loads 		192500
0.n_stores 		57501
0.n_hits 		172717
0.n_misses 		77284
0.hit_rate 		69.09
0.miss_rate 		30.91
0.n_upgrade_miss 	3711
0.n_bus_snoops 	92210
0.n_snoop_hits 	1231
0.n_writebacks 	19426
Memory Traffic:
0.B_written_bus_to_cache 	294292
0.B_written_cache_to_bus_wb 	77704
0.B_written_cache_to_bus_wt 	0
0.B_total_traffic_wb 	371996
0.B_total_traffic_wt 	0
    *** Results for Core 1 ***
1.n_cpu_accesses 	249999
1.n_loads 		166714
1.n_stores 		83285
1.n_hits 		157789
1.n_misses 		92210
1.hit_rate 		63.12
1.miss_rate 		36.88
1.n_upgrade_miss 	5511
1.n_bus_snoops 	77284
1.n_snoop_hits 	1018
1.n_writebacks 	36558
Memory Traffic:
1.B_written_bus_to_cache 	346796
1.B_written_cache_to_bus_wb 	146232
1.B_written_cache_to_bus_wt 	0
1.B_total_traffic_wb 	493028
1.B_total_traffic_wt 	0
