P5 Printout for CS 3410
----------------------------------
Trace  		trace.1t.long.txt
Instruction Limit 	none
 *** Cache Configuration *** 
capacity   		65536 B
block_size 		   16 B
associativity 		4-way
n_set 			1024
n_cache_line 	4096
tag: 18, index: 10, offset: 4
Coherence Protocol: 	msi
lru_on_invalidate_f: 	false
Processing trace...
1 2
Processed 250001 lines.
    *** Results for Core 0 ***
0.n_cpu_accesses 	250001
0.n_loads 		192500
0.n_stores 		57501
0.n_hits 		209941
0.n_misses 		40060
0.hit_rate 		83.98
0.miss_rate 		16.02
0.n_upgrade_miss 	3084
0.n_bus_snoops 	0
0.n_snoop_hits 	0
0.n_writebacks 	9350
Memory Traffic:
0.B_written_bus_to_cache 	591616
0.B_written_cache_to_bus_wb 	149600
0.B_written_cache_to_bus_wt 	0
0.B_total_traffic_wb 	741216
0.B_total_traffic_wt 	0
