P5 Printout for CS 3410
----------------------------------
Trace  		trace.2t.long.txt
Instruction Limit 	none
 *** Cache Configuration *** 
capacity   		65536 B
block_size 		 1024 B
associativity 		4-way
n_set 			16
n_cache_line 	64
tag: 18, index: 4, offset: 10
Coherence Protocol: 	msi
lru_on_invalidate_f: 	false
Processing trace...
2 2
Processed 500000 lines.
    *** Results for Core 0 ***
0.n_cpu_accesses 	250001
0.n_loads 		192500
0.n_stores 		57501
0.n_hits 		234805
0.n_misses 		15196
0.hit_rate 		93.92
0.miss_rate 		6.08
0.n_upgrade_miss 	991
0.n_bus_snoops 	16836
0.n_snoop_hits 	599
0.n_writebacks 	1863
Memory Traffic:
0.B_written_bus_to_cache 	14545920
0.B_written_cache_to_bus_wb 	1907712
0.B_written_cache_to_bus_wt 	0
0.B_total_traffic_wb 	16453632
0.B_total_traffic_wt 	0
    *** Results for Core 1 ***
1.n_cpu_accesses 	249999
1.n_loads 		166714
1.n_stores 		83285
1.n_hits 		233163
1.n_misses 		16836
1.hit_rate 		93.27
1.miss_rate 		6.73
1.n_upgrade_miss 	1678
1.n_bus_snoops 	15196
1.n_snoop_hits 	1138
1.n_writebacks 	2949
Memory Traffic:
1.B_written_bus_to_cache 	15521792
1.B_written_cache_to_bus_wb 	3019776
1.B_written_cache_to_bus_wt 	0
1.B_total_traffic_wb 	18541568
1.B_total_traffic_wt 	0
