P5 Printout for CS 3410
----------------------------------
Trace  		trace.2t.long.txt
Instruction Limit 	none
 *** Cache Configuration *** 
capacity   		65536 B
block_size 		 8192 B
associativity 		4-way
n_set 			2
n_cache_line 	8
tag: 18, index: 1, offset: 13
Coherence Protocol: 	msi
lru_on_invalidate_f: 	false
Processing trace...
2 2
Processed 500000 lines.
    *** Results for Core 0 ***
0.n_cpu_accesses 	250001
0.n_loads 		192500
0.n_stores 		57501
0.n_hits 		209330
0.n_misses 		40671
0.hit_rate 		83.73
0.miss_rate 		16.27
0.n_upgrade_miss 	4480
0.n_bus_snoops 	35105
0.n_snoop_hits 	1687
0.n_writebacks 	10559
Memory Traffic:
0.B_written_bus_to_cache 	296476672
0.B_written_cache_to_bus_wb 	86499328
0.B_written_cache_to_bus_wt 	0
0.B_total_traffic_wb 	382976000
0.B_total_traffic_wt 	0
    *** Results for Core 1 ***
1.n_cpu_accesses 	249999
1.n_loads 		166714
1.n_stores 		83285
1.n_hits 		214894
1.n_misses 		35105
1.hit_rate 		85.96
1.miss_rate 		14.04
1.n_upgrade_miss 	5093
1.n_bus_snoops 	40671
1.n_snoop_hits 	2137
1.n_writebacks 	10517
Memory Traffic:
1.B_written_bus_to_cache 	245858304
1.B_written_cache_to_bus_wb 	86155264
1.B_written_cache_to_bus_wt 	0
1.B_total_traffic_wb 	332013568
1.B_total_traffic_wt 	0
