P5 Printout for CS 3410
----------------------------------
Trace  		trace.2t.long.txt
Instruction Limit 	none
 *** Cache Configuration *** 
capacity   		65536 B
block_size 		  256 B
associativity 		4-way
n_set 			64
n_cache_line 	256
tag: 18, index: 6, offset: 8
Coherence Protocol: 	msi
lru_on_invalidate_f: 	false
Processing trace...
2 2
Processed 500000 lines.
    *** Results for Core 0 ***
0.n_cpu_accesses 	250001
0.n_loads 		192500
0.n_stores 		57501
0.n_hits 		234755
0.n_misses 		15246
0.hit_rate 		93.90
0.miss_rate 		6.10
0.n_upgrade_miss 	1316
0.n_bus_snoops 	18504
0.n_snoop_hits 	898
0.n_writebacks 	2051
Memory Traffic:
0.B_written_bus_to_cache 	3566080
0.B_written_cache_to_bus_wb 	525056
0.B_written_cache_to_bus_wt 	0
0.B_total_traffic_wb 	4091136
0.B_total_traffic_wt 	0
    *** Results for Core 1 ***
1.n_cpu_accesses 	249999
1.n_loads 		166714
1.n_stores 		83285
1.n_hits 		231495
1.n_misses 		18504
1.hit_rate 		92.60
1.miss_rate 		7.40
1.n_upgrade_miss 	2004
1.n_bus_snoops 	15246
1.n_snoop_hits 	698
1.n_writebacks 	3584
Memory Traffic:
1.B_written_bus_to_cache 	4224000
1.B_written_cache_to_bus_wb 	917504
1.B_written_cache_to_bus_wt 	0
1.B_total_traffic_wb 	5141504
1.B_total_traffic_wt 	0
