P5 Printout for CS 3410
----------------------------------
Trace  		trace.2t.long.txt
Instruction Limit 	none
 *** Cache Configuration *** 
capacity   		65536 B
block_size 		   32 B
associativity 		4-way
n_set 			512
n_cache_line 	2048
tag: 18, index: 9, offset: 5
Coherence Protocol: 	vi
lru_on_invalidate_f: 	false
Processing trace...
2 1
Processed 500000 lines.
    *** Results for Core 0 ***
0.n_cpu_accesses 	250001
0.n_loads 		192500
0.n_stores 		57501
0.n_hits 		226536
0.n_misses 		23465
0.hit_rate 		90.61
0.miss_rate 		9.39
0.n_upgrade_miss 	0
0.n_bus_snoops 	28730
0.n_snoop_hits 	2712
0.n_writebacks 	13063
Memory Traffic:
0.B_written_bus_to_cache 	750880
0.B_written_cache_to_bus_wb 	418016
0.B_written_cache_to_bus_wt 	0
0.B_total_traffic_wb 	1168896
0.B_total_traffic_wt 	0
    *** Results for Core 1 ***
1.n_cpu_accesses 	249999
1.n_loads 		166714
1.n_stores 		83285
1.n_hits 		221269
1.n_misses 		28730
1.hit_rate 		88.51
1.miss_rate 		11.49
1.n_upgrade_miss 	0
1.n_bus_snoops 	23465
1.n_snoop_hits 	2735
1.n_writebacks 	18850
Memory Traffic:
1.B_written_bus_to_cache 	919360
1.B_written_cache_to_bus_wb 	603200
1.B_written_cache_to_bus_wt 	0
1.B_total_traffic_wb 	1522560
1.B_total_traffic_wt 	0
